<?xml version="1.0" encoding="UTF-8"?>
<coverage generated="1766877698651" clover="3.2.0">
  <project timestamp="1766877698651" name="All files">
    <metrics statements="281" coveredstatements="86" conditionals="138" coveredconditionals="30" methods="66" coveredmethods="17" elements="485" coveredelements="133" complexity="0" loc="281" ncloc="281" packages="10" files="17" classes="17"/>
    <package name="app">
      <metrics statements="17" coveredstatements="0" conditionals="12" coveredconditionals="0" methods="4" coveredmethods="0"/>
      <file name="+not-found.tsx" path="C:\Users\Kevin\Desktop\minimal-rn-app\app\+not-found.tsx">
        <metrics statements="2" coveredstatements="0" conditionals="0" coveredconditionals="0" methods="1" coveredmethods="0"/>
        <line num="6" count="0" type="stmt"/>
        <line num="19" count="0" type="stmt"/>
      </file>
      <file name="_layout.tsx" path="C:\Users\Kevin\Desktop\minimal-rn-app\app\_layout.tsx">
        <metrics statements="15" coveredstatements="0" conditionals="12" coveredconditionals="0" methods="3" coveredmethods="0"/>
        <line num="8" count="0" type="stmt"/>
        <line num="9" count="0" type="stmt"/>
        <line num="10" count="0" type="stmt"/>
        <line num="12" count="0" type="stmt"/>
        <line num="13" count="0" type="cond" truecount="0" falsecount="2"/>
        <line num="15" count="0" type="stmt"/>
        <line num="17" count="0" type="cond" truecount="0" falsecount="4"/>
        <line num="18" count="0" type="stmt"/>
        <line num="19" count="0" type="cond" truecount="0" falsecount="4"/>
        <line num="20" count="0" type="stmt"/>
        <line num="24" count="0" type="cond" truecount="0" falsecount="2"/>
        <line num="25" count="0" type="stmt"/>
        <line num="32" count="0" type="stmt"/>
        <line num="36" count="0" type="stmt"/>
        <line num="43" count="0" type="stmt"/>
      </file>
    </package>
    <package name="app.(auth)">
      <metrics statements="19" coveredstatements="0" conditionals="14" coveredconditionals="0" methods="3" coveredmethods="0"/>
      <file name="_layout.tsx" path="C:\Users\Kevin\Desktop\minimal-rn-app\app\(auth)\_layout.tsx">
        <metrics statements="1" coveredstatements="0" conditionals="0" coveredconditionals="0" methods="1" coveredmethods="0"/>
        <line num="4" count="0" type="stmt"/>
      </file>
      <file name="login.tsx" path="C:\Users\Kevin\Desktop\minimal-rn-app\app\(auth)\login.tsx">
        <metrics statements="18" coveredstatements="0" conditionals="14" coveredconditionals="0" methods="2" coveredmethods="0"/>
        <line num="16" count="0" type="stmt"/>
        <line num="17" count="0" type="stmt"/>
        <line num="18" count="0" type="stmt"/>
        <line num="19" count="0" type="stmt"/>
        <line num="21" count="0" type="stmt"/>
        <line num="22" count="0" type="cond" truecount="0" falsecount="4"/>
        <line num="23" count="0" type="stmt"/>
        <line num="24" count="0" type="stmt"/>
        <line num="27" count="0" type="cond" truecount="0" falsecount="2"/>
        <line num="28" count="0" type="stmt"/>
        <line num="29" count="0" type="stmt"/>
        <line num="32" count="0" type="stmt"/>
        <line num="33" count="0" type="stmt"/>
        <line num="34" count="0" type="stmt"/>
        <line num="36" count="0" type="cond" truecount="0" falsecount="2"/>
        <line num="37" count="0" type="stmt"/>
        <line num="41" count="0" type="stmt"/>
        <line num="102" count="0" type="stmt"/>
      </file>
    </package>
    <package name="app.(tabs)">
      <metrics statements="40" coveredstatements="22" conditionals="4" coveredconditionals="2" methods="17" coveredmethods="6"/>
      <file name="_layout.tsx" path="C:\Users\Kevin\Desktop\minimal-rn-app\app\(tabs)\_layout.tsx">
        <metrics statements="4" coveredstatements="0" conditionals="0" coveredconditionals="0" methods="3" coveredmethods="0"/>
        <line num="6" count="0" type="stmt"/>
        <line num="8" count="0" type="stmt"/>
        <line num="40" count="0" type="stmt"/>
        <line num="48" count="0" type="stmt"/>
      </file>
      <file name="index.tsx" path="C:\Users\Kevin\Desktop\minimal-rn-app\app\(tabs)\index.tsx">
        <metrics statements="27" coveredstatements="22" conditionals="2" coveredconditionals="2" methods="9" coveredmethods="6"/>
        <line num="18" count="7" type="stmt"/>
        <line num="19" count="7" type="stmt"/>
        <line num="20" count="7" type="stmt"/>
        <line num="21" count="7" type="stmt"/>
        <line num="23" count="7" type="stmt"/>
        <line num="24" count="4" type="stmt"/>
        <line num="25" count="4" type="stmt"/>
        <line num="26" count="3" type="stmt"/>
        <line num="28" count="0" type="stmt"/>
        <line num="30" count="3" type="stmt"/>
        <line num="31" count="3" type="stmt"/>
        <line num="35" count="7" type="stmt"/>
        <line num="36" count="4" type="stmt"/>
        <line num="39" count="7" type="stmt"/>
        <line num="40" count="0" type="stmt"/>
        <line num="41" count="0" type="stmt"/>
        <line num="44" count="7" type="stmt"/>
        <line num="45" count="0" type="stmt"/>
        <line num="48" count="7" type="stmt"/>
        <line num="49" count="1" type="stmt"/>
        <line num="55" count="7" type="cond" truecount="2" falsecount="0"/>
        <line num="56" count="4" type="stmt"/>
        <line num="64" count="3" type="stmt"/>
        <line num="68" count="9" type="stmt"/>
        <line num="70" count="7" type="stmt"/>
        <line num="72" count="0" type="stmt"/>
        <line num="90" count="1" type="stmt"/>
      </file>
      <file name="settings.tsx" path="C:\Users\Kevin\Desktop\minimal-rn-app\app\(tabs)\settings.tsx">
        <metrics statements="9" coveredstatements="0" conditionals="2" coveredconditionals="0" methods="5" coveredmethods="0"/>
        <line num="15" count="0" type="stmt"/>
        <line num="17" count="0" type="stmt"/>
        <line num="18" count="0" type="stmt"/>
        <line num="32" count="0" type="stmt"/>
        <line num="33" count="0" type="stmt"/>
        <line num="40" count="0" type="stmt"/>
        <line num="78" count="0" type="stmt"/>
        <line num="85" count="0" type="stmt"/>
        <line num="114" count="0" type="stmt"/>
      </file>
    </package>
    <package name="app.order">
      <metrics statements="63" coveredstatements="0" conditionals="53" coveredconditionals="0" methods="13" coveredmethods="0"/>
      <file name="[id].tsx" path="C:\Users\Kevin\Desktop\minimal-rn-app\app\order\[id].tsx">
        <metrics statements="62" coveredstatements="0" conditionals="53" coveredconditionals="0" methods="12" coveredmethods="0"/>
        <line num="21" count="0" type="stmt"/>
        <line num="22" count="0" type="stmt"/>
        <line num="23" count="0" type="stmt"/>
        <line num="24" count="0" type="stmt"/>
        <line num="25" count="0" type="stmt"/>
        <line num="26" count="0" type="stmt"/>
        <line num="28" count="0" type="stmt"/>
        <line num="29" count="0" type="stmt"/>
        <line num="32" count="0" type="stmt"/>
        <line num="33" count="0" type="cond" truecount="0" falsecount="2"/>
        <line num="34" count="0" type="stmt"/>
        <line num="35" count="0" type="stmt"/>
        <line num="36" count="0" type="stmt"/>
        <line num="37" count="0" type="cond" truecount="0" falsecount="2"/>
        <line num="38" count="0" type="stmt"/>
        <line num="40" count="0" type="stmt"/>
        <line num="43" count="0" type="stmt"/>
        <line num="44" count="0" type="cond" truecount="0" falsecount="2"/>
        <line num="46" count="0" type="stmt"/>
        <line num="53" count="0" type="cond" truecount="0" falsecount="4"/>
        <line num="54" count="0" type="stmt"/>
        <line num="59" count="0" type="stmt"/>
        <line num="62" count="0" type="stmt"/>
        <line num="70" count="0" type="stmt"/>
        <line num="71" count="0" type="stmt"/>
        <line num="76" count="0" type="stmt"/>
        <line num="78" count="0" type="cond" truecount="0" falsecount="2"/>
        <line num="79" count="0" type="stmt"/>
        <line num="80" count="0" type="stmt"/>
        <line num="82" count="0" type="stmt"/>
        <line num="90" count="0" type="stmt"/>
        <line num="91" count="0" type="stmt"/>
        <line num="93" count="0" type="cond" truecount="0" falsecount="2"/>
        <line num="94" count="0" type="stmt"/>
        <line num="99" count="0" type="stmt"/>
        <line num="102" count="0" type="stmt"/>
        <line num="108" count="0" type="cond" truecount="0" falsecount="4"/>
        <line num="109" count="0" type="stmt"/>
        <line num="110" count="0" type="stmt"/>
        <line num="112" count="0" type="cond" truecount="0" falsecount="2"/>
        <line num="113" count="0" type="stmt"/>
        <line num="114" count="0" type="stmt"/>
        <line num="119" count="0" type="stmt"/>
        <line num="120" count="0" type="cond" truecount="0" falsecount="2"/>
        <line num="121" count="0" type="cond" truecount="0" falsecount="3"/>
        <line num="123" count="0" type="stmt"/>
        <line num="125" count="0" type="stmt"/>
        <line num="127" count="0" type="stmt"/>
        <line num="131" count="0" type="stmt"/>
        <line num="132" count="0" type="stmt"/>
        <line num="133" count="0" type="stmt"/>
        <line num="142" count="0" type="cond" truecount="0" falsecount="2"/>
        <line num="143" count="0" type="stmt"/>
        <line num="150" count="0" type="cond" truecount="0" falsecount="2"/>
        <line num="151" count="0" type="stmt"/>
        <line num="156" count="0" type="stmt"/>
        <line num="164" count="0" type="stmt"/>
        <line num="166" count="0" type="stmt"/>
        <line num="226" count="0" type="stmt"/>
        <line num="252" count="0" type="stmt"/>
        <line num="272" count="0" type="stmt"/>
        <line num="291" count="0" type="stmt"/>
      </file>
      <file name="_layout.tsx" path="C:\Users\Kevin\Desktop\minimal-rn-app\app\order\_layout.tsx">
        <metrics statements="1" coveredstatements="0" conditionals="0" coveredconditionals="0" methods="1" coveredmethods="0"/>
        <line num="5" count="0" type="stmt"/>
      </file>
    </package>
    <package name="src.components">
      <metrics statements="17" coveredstatements="17" conditionals="11" coveredconditionals="11" methods="4" coveredmethods="4"/>
      <file name="OrderCard.tsx" path="C:\Users\Kevin\Desktop\minimal-rn-app\src\components\OrderCard.tsx">
        <metrics statements="6" coveredstatements="6" conditionals="2" coveredconditionals="2" methods="2" coveredmethods="2"/>
        <line num="12" count="2" type="stmt"/>
        <line num="13" count="18" type="stmt"/>
        <line num="14" count="36" type="stmt"/>
        <line num="15" count="36" type="stmt"/>
        <line num="23" count="18" type="stmt"/>
        <line num="71" count="2" type="stmt"/>
      </file>
      <file name="StatusBadge.tsx" path="C:\Users\Kevin\Desktop\minimal-rn-app\src\components\StatusBadge.tsx">
        <metrics statements="11" coveredstatements="11" conditionals="9" coveredconditionals="9" methods="2" coveredmethods="2"/>
        <line num="11" count="3" type="cond" truecount="1" falsecount="0"/>
        <line num="12" count="23" type="stmt"/>
        <line num="13" count="23" type="cond" truecount="4" falsecount="0"/>
        <line num="15" count="14" type="stmt"/>
        <line num="21" count="4" type="stmt"/>
        <line num="27" count="4" type="stmt"/>
        <line num="33" count="1" type="stmt"/>
        <line num="41" count="23" type="stmt"/>
        <line num="42" count="23" type="stmt"/>
        <line num="44" count="23" type="stmt"/>
        <line num="65" count="3" type="stmt"/>
      </file>
    </package>
    <package name="src.context">
      <metrics statements="47" coveredstatements="0" conditionals="8" coveredconditionals="0" methods="6" coveredmethods="0"/>
      <file name="AuthContext.tsx" path="C:\Users\Kevin\Desktop\minimal-rn-app\src\context\AuthContext.tsx">
        <metrics statements="47" coveredstatements="0" conditionals="8" coveredconditionals="0" methods="6" coveredmethods="0"/>
        <line num="15" count="0" type="stmt"/>
        <line num="17" count="0" type="stmt"/>
        <line num="19" count="0" type="stmt"/>
        <line num="20" count="0" type="stmt"/>
        <line num="21" count="0" type="stmt"/>
        <line num="22" count="0" type="stmt"/>
        <line num="23" count="0" type="stmt"/>
        <line num="25" count="0" type="stmt"/>
        <line num="26" count="0" type="stmt"/>
        <line num="29" count="0" type="stmt"/>
        <line num="30" count="0" type="stmt"/>
        <line num="31" count="0" type="stmt"/>
        <line num="32" count="0" type="cond" truecount="0" falsecount="2"/>
        <line num="33" count="0" type="stmt"/>
        <line num="34" count="0" type="stmt"/>
        <line num="35" count="0" type="stmt"/>
        <line num="36" count="0" type="stmt"/>
        <line num="39" count="0" type="stmt"/>
        <line num="41" count="0" type="stmt"/>
        <line num="45" count="0" type="stmt"/>
        <line num="48" count="0" type="cond" truecount="0" falsecount="4"/>
        <line num="49" count="0" type="stmt"/>
        <line num="55" count="0" type="stmt"/>
        <line num="56" count="0" type="stmt"/>
        <line num="57" count="0" type="stmt"/>
        <line num="58" count="0" type="stmt"/>
        <line num="59" count="0" type="stmt"/>
        <line num="60" count="0" type="stmt"/>
        <line num="61" count="0" type="stmt"/>
        <line num="63" count="0" type="stmt"/>
        <line num="64" count="0" type="stmt"/>
        <line num="67" count="0" type="stmt"/>
        <line num="70" count="0" type="stmt"/>
        <line num="71" count="0" type="stmt"/>
        <line num="72" count="0" type="stmt"/>
        <line num="73" count="0" type="stmt"/>
        <line num="74" count="0" type="stmt"/>
        <line num="75" count="0" type="stmt"/>
        <line num="76" count="0" type="stmt"/>
        <line num="77" count="0" type="stmt"/>
        <line num="79" count="0" type="stmt"/>
        <line num="83" count="0" type="stmt"/>
        <line num="99" count="0" type="stmt"/>
        <line num="100" count="0" type="stmt"/>
        <line num="101" count="0" type="cond" truecount="0" falsecount="2"/>
        <line num="102" count="0" type="stmt"/>
        <line num="104" count="0" type="stmt"/>
      </file>
    </package>
    <package name="src.services">
      <metrics statements="48" coveredstatements="42" conditionals="18" coveredconditionals="17" methods="7" coveredmethods="7"/>
      <file name="mockData.ts" path="C:\Users\Kevin\Desktop\minimal-rn-app\src\services\mockData.ts">
        <metrics statements="2" coveredstatements="2" conditionals="0" coveredconditionals="0" methods="0" coveredmethods="0"/>
        <line num="3" count="3" type="stmt"/>
        <line num="194" count="3" type="stmt"/>
      </file>
      <file name="orderService.ts" path="C:\Users\Kevin\Desktop\minimal-rn-app\src\services\orderService.ts">
        <metrics statements="46" coveredstatements="40" conditionals="18" coveredconditionals="17" methods="7" coveredmethods="7"/>
        <line num="6" count="2" type="stmt"/>
        <line num="10" count="11" type="stmt"/>
        <line num="11" count="11" type="stmt"/>
        <line num="12" count="11" type="cond" truecount="2" falsecount="0"/>
        <line num="13" count="10" type="stmt"/>
        <line num="14" count="10" type="stmt"/>
        <line num="15" count="10" type="stmt"/>
        <line num="18" count="1" type="stmt"/>
        <line num="19" count="1" type="stmt"/>
        <line num="20" count="1" type="stmt"/>
        <line num="22" count="0" type="stmt"/>
        <line num="23" count="0" type="stmt"/>
        <line num="28" count="2" type="stmt"/>
        <line num="29" count="5" type="cond" truecount="2" falsecount="0"/>
        <line num="37" count="5" type="stmt"/>
        <line num="38" count="5" type="stmt"/>
        <line num="39" count="8" type="stmt"/>
        <line num="41" count="5" type="cond" truecount="2" falsecount="0"/>
        <line num="43" count="4" type="stmt"/>
        <line num="44" count="4" type="stmt"/>
        <line num="51" count="4" type="cond" truecount="4" falsecount="0"/>
        <line num="52" count="2" type="stmt"/>
        <line num="55" count="4" type="cond" truecount="2" falsecount="0"/>
        <line num="56" count="2" type="stmt"/>
        <line num="57" count="2" type="stmt"/>
        <line num="64" count="4" type="stmt"/>
        <line num="65" count="4" type="stmt"/>
        <line num="66" count="4" type="stmt"/>
        <line num="67" count="4" type="stmt"/>
        <line num="69" count="0" type="stmt"/>
        <line num="70" count="0" type="stmt"/>
        <line num="75" count="2" type="stmt"/>
        <line num="76" count="2" type="stmt"/>
        <line num="77" count="2" type="stmt"/>
        <line num="79" count="2" type="cond" truecount="1" falsecount="1"/>
        <line num="81" count="2" type="stmt"/>
        <line num="82" count="2" type="cond" truecount="2" falsecount="0"/>
        <line num="83" count="1" type="stmt"/>
        <line num="88" count="1" type="stmt"/>
        <line num="91" count="2" type="stmt"/>
        <line num="92" count="2" type="stmt"/>
        <line num="94" count="2" type="stmt"/>
        <line num="95" count="2" type="stmt"/>
        <line num="96" count="2" type="stmt"/>
        <line num="98" count="0" type="stmt"/>
        <line num="99" count="0" type="stmt"/>
      </file>
    </package>
    <package name="src.theme">
      <metrics statements="5" coveredstatements="5" conditionals="0" coveredconditionals="0" methods="0" coveredmethods="0"/>
      <file name="colors.ts" path="C:\Users\Kevin\Desktop\minimal-rn-app\src\theme\colors.ts">
        <metrics statements="5" coveredstatements="5" conditionals="0" coveredconditionals="0" methods="0" coveredmethods="0"/>
        <line num="2" count="3" type="stmt"/>
        <line num="37" count="3" type="stmt"/>
        <line num="46" count="3" type="stmt"/>
        <line num="55" count="3" type="stmt"/>
        <line num="63" count="3" type="stmt"/>
      </file>
    </package>
    <package name="src.types">
      <metrics statements="0" coveredstatements="0" conditionals="0" coveredconditionals="0" methods="0" coveredmethods="0"/>
      <file name="index.ts" path="C:\Users\Kevin\Desktop\minimal-rn-app\src\types\index.ts">
        <metrics statements="0" coveredstatements="0" conditionals="0" coveredconditionals="0" methods="0" coveredmethods="0"/>
      </file>
    </package>
    <package name="src.utils">
      <metrics statements="25" coveredstatements="0" conditionals="18" coveredconditionals="0" methods="12" coveredmethods="0"/>
      <file name="logger.ts" path="C:\Users\Kevin\Desktop\minimal-rn-app\src\utils\logger.ts">
        <metrics statements="25" coveredstatements="0" conditionals="18" coveredconditionals="0" methods="12" coveredmethods="0"/>
        <line num="11" count="0" type="stmt"/>
        <line num="12" count="0" type="stmt"/>
        <line num="14" count="0" type="cond" truecount="0" falsecount="4"/>
        <line num="16" count="0" type="cond" truecount="0" falsecount="2"/>
        <line num="17" count="0" type="stmt"/>
        <line num="19" count="0" type="cond" truecount="0" falsecount="2"/>
        <line num="20" count="0" type="stmt"/>
        <line num="22" count="0" type="cond" truecount="0" falsecount="2"/>
        <line num="23" count="0" type="stmt"/>
        <line num="25" count="0" type="cond" truecount="0" falsecount="2"/>
        <line num="26" count="0" type="stmt"/>
        <line num="42" count="0" type="cond" truecount="0" falsecount="2"/>
        <line num="43" count="0" type="stmt"/>
        <line num="44" count="0" type="cond" truecount="0" falsecount="2"/>
        <line num="48" count="0" type="cond" truecount="0" falsecount="2"/>
        <line num="49" count="0" type="stmt"/>
        <line num="54" count="0" type="stmt"/>
        <line num="58" count="0" type="stmt"/>
        <line num="62" count="0" type="stmt"/>
        <line num="67" count="0" type="stmt"/>
        <line num="71" count="0" type="stmt"/>
        <line num="78" count="0" type="stmt"/>
        <line num="84" count="0" type="stmt"/>
        <line num="88" count="0" type="stmt"/>
        <line num="93" count="0" type="stmt"/>
      </file>
    </package>
  </project>
</coverage>
