{"C:\\Repos\\minimal-rn-app\\app\\+not-found.tsx": {"path":"C:\\Repos\\minimal-rn-app\\app\\+not-found.tsx","statementMap":{"0":{"start":{"line":6,"column":2},"end":{"line":16,"column":4}},"1":{"start":{"line":19,"column":15},"end":{"line":43,"column":2}}},"fnMap":{"0":{"name":"NotFoundScreen","decl":{"start":{"line":5,"column":24},"end":{"line":5,"column":38}},"loc":{"start":{"line":5,"column":41},"end":{"line":17,"column":1}},"line":5}},"branchMap":{},"s":{"0":0,"1":0},"f":{"0":0},"b":{}}
,"C:\\Repos\\minimal-rn-app\\app\\_layout.tsx": {"path":"C:\\Repos\\minimal-rn-app\\app\\_layout.tsx","statementMap":{"0":{"start":{"line":8,"column":41},"end":{"line":8,"column":50}},"1":{"start":{"line":9,"column":19},"end":{"line":9,"column":32}},"2":{"start":{"line":10,"column":17},"end":{"line":10,"column":28}},"3":{"start":{"line":12,"column":2},"end":{"line":22,"column":45}},"4":{"start":{"line":13,"column":4},"end":{"line":13,"column":26}},"5":{"start":{"line":13,"column":19},"end":{"line":13,"column":26}},"6":{"start":{"line":15,"column":24},"end":{"line":15,"column":48}},"7":{"start":{"line":17,"column":4},"end":{"line":21,"column":5}},"8":{"start":{"line":18,"column":6},"end":{"line":18,"column":38}},"9":{"start":{"line":19,"column":11},"end":{"line":21,"column":5}},"10":{"start":{"line":20,"column":6},"end":{"line":20,"column":32}},"11":{"start":{"line":24,"column":2},"end":{"line":30,"column":3}},"12":{"start":{"line":25,"column":4},"end":{"line":29,"column":6}},"13":{"start":{"line":32,"column":2},"end":{"line":42,"column":4}},"14":{"start":{"line":46,"column":2},"end":{"line":50,"column":4}},"15":{"start":{"line":53,"column":15},"end":{"line":60,"column":2}}},"fnMap":{"0":{"name":"RootLayoutNav","decl":{"start":{"line":7,"column":9},"end":{"line":7,"column":22}},"loc":{"start":{"line":7,"column":25},"end":{"line":43,"column":1}},"line":7},"1":{"name":"(anonymous_1)","decl":{"start":{"line":12,"column":12},"end":{"line":12,"column":13}},"loc":{"start":{"line":12,"column":18},"end":{"line":22,"column":3}},"line":12},"2":{"name":"RootLayout","decl":{"start":{"line":45,"column":24},"end":{"line":45,"column":34}},"loc":{"start":{"line":45,"column":37},"end":{"line":51,"column":1}},"line":45}},"branchMap":{"0":{"loc":{"start":{"line":13,"column":4},"end":{"line":13,"column":26}},"type":"if","locations":[{"start":{"line":13,"column":4},"end":{"line":13,"column":26}},{"start":{},"end":{}}],"line":13},"1":{"loc":{"start":{"line":17,"column":4},"end":{"line":21,"column":5}},"type":"if","locations":[{"start":{"line":17,"column":4},"end":{"line":21,"column":5}},{"start":{"line":19,"column":11},"end":{"line":21,"column":5}}],"line":17},"2":{"loc":{"start":{"line":17,"column":8},"end":{"line":17,"column":40}},"type":"binary-expr","locations":[{"start":{"line":17,"column":8},"end":{"line":17,"column":24}},{"start":{"line":17,"column":28},"end":{"line":17,"column":40}}],"line":17},"3":{"loc":{"start":{"line":19,"column":11},"end":{"line":21,"column":5}},"type":"if","locations":[{"start":{"line":19,"column":11},"end":{"line":21,"column":5}},{"start":{},"end":{}}],"line":19},"4":{"loc":{"start":{"line":19,"column":15},"end":{"line":19,"column":45}},"type":"binary-expr","locations":[{"start":{"line":19,"column":15},"end":{"line":19,"column":30}},{"start":{"line":19,"column":34},"end":{"line":19,"column":45}}],"line":19},"5":{"loc":{"start":{"line":24,"column":2},"end":{"line":30,"column":3}},"type":"if","locations":[{"start":{"line":24,"column":2},"end":{"line":30,"column":3}},{"start":{},"end":{}}],"line":24}},"s":{"0":0,"1":0,"2":0,"3":0,"4":0,"5":0,"6":0,"7":0,"8":0,"9":0,"10":0,"11":0,"12":0,"13":0,"14":0,"15":0},"f":{"0":0,"1":0,"2":0},"b":{"0":[0,0],"1":[0,0],"2":[0,0],"3":[0,0],"4":[0,0],"5":[0,0]}}
,"C:\\Repos\\minimal-rn-app\\app\\(auth)\\_layout.tsx": {"path":"C:\\Repos\\minimal-rn-app\\app\\(auth)\\_layout.tsx","statementMap":{"0":{"start":{"line":4,"column":2},"end":{"line":8,"column":4}}},"fnMap":{"0":{"name":"AuthLayout","decl":{"start":{"line":3,"column":24},"end":{"line":3,"column":34}},"loc":{"start":{"line":3,"column":37},"end":{"line":9,"column":1}},"line":3}},"branchMap":{},"s":{"0":0},"f":{"0":0},"b":{}}
,"C:\\Repos\\minimal-rn-app\\app\\(auth)\\login.tsx": {"path":"C:\\Repos\\minimal-rn-app\\app\\(auth)\\login.tsx","statementMap":{"0":{"start":{"line":16,"column":28},"end":{"line":16,"column":40}},"1":{"start":{"line":17,"column":34},"end":{"line":17,"column":46}},"2":{"start":{"line":18,"column":36},"end":{"line":18,"column":51}},"3":{"start":{"line":19,"column":20},"end":{"line":19,"column":29}},"4":{"start":{"line":21,"column":22},"end":{"line":39,"column":3}},"5":{"start":{"line":22,"column":4},"end":{"line":25,"column":5}},"6":{"start":{"line":23,"column":6},"end":{"line":23,"column":62}},"7":{"start":{"line":24,"column":6},"end":{"line":24,"column":13}},"8":{"start":{"line":27,"column":4},"end":{"line":30,"column":5}},"9":{"start":{"line":28,"column":6},"end":{"line":28,"column":69}},"10":{"start":{"line":29,"column":6},"end":{"line":29,"column":13}},"11":{"start":{"line":32,"column":4},"end":{"line":32,"column":23}},"12":{"start":{"line":33,"column":20},"end":{"line":33,"column":48}},"13":{"start":{"line":34,"column":4},"end":{"line":34,"column":24}},"14":{"start":{"line":36,"column":4},"end":{"line":38,"column":5}},"15":{"start":{"line":37,"column":6},"end":{"line":37,"column":62}},"16":{"start":{"line":41,"column":2},"end":{"line":99,"column":4}},"17":{"start":{"line":102,"column":15},"end":{"line":182,"column":2}}},"fnMap":{"0":{"name":"LoginScreen","decl":{"start":{"line":15,"column":24},"end":{"line":15,"column":35}},"loc":{"start":{"line":15,"column":38},"end":{"line":100,"column":1}},"line":15},"1":{"name":"(anonymous_1)","decl":{"start":{"line":21,"column":22},"end":{"line":21,"column":23}},"loc":{"start":{"line":21,"column":34},"end":{"line":39,"column":3}},"line":21}},"branchMap":{"0":{"loc":{"start":{"line":22,"column":4},"end":{"line":25,"column":5}},"type":"if","locations":[{"start":{"line":22,"column":4},"end":{"line":25,"column":5}},{"start":{},"end":{}}],"line":22},"1":{"loc":{"start":{"line":22,"column":8},"end":{"line":22,"column":27}},"type":"binary-expr","locations":[{"start":{"line":22,"column":8},"end":{"line":22,"column":14}},{"start":{"line":22,"column":18},"end":{"line":22,"column":27}}],"line":22},"2":{"loc":{"start":{"line":27,"column":4},"end":{"line":30,"column":5}},"type":"if","locations":[{"start":{"line":27,"column":4},"end":{"line":30,"column":5}},{"start":{},"end":{}}],"line":27},"3":{"loc":{"start":{"line":36,"column":4},"end":{"line":38,"column":5}},"type":"if","locations":[{"start":{"line":36,"column":4},"end":{"line":38,"column":5}},{"start":{},"end":{}}],"line":36},"4":{"loc":{"start":{"line":44,"column":16},"end":{"line":44,"column":60}},"type":"cond-expr","locations":[{"start":{"line":44,"column":40},"end":{"line":44,"column":49}},{"start":{"line":44,"column":52},"end":{"line":44,"column":60}}],"line":44},"5":{"loc":{"start":{"line":83,"column":35},"end":{"line":83,"column":69}},"type":"binary-expr","locations":[{"start":{"line":83,"column":35},"end":{"line":83,"column":44}},{"start":{"line":83,"column":48},"end":{"line":83,"column":69}}],"line":83},"6":{"loc":{"start":{"line":89,"column":15},"end":{"line":89,"column":53}},"type":"cond-expr","locations":[{"start":{"line":89,"column":27},"end":{"line":89,"column":42}},{"start":{"line":89,"column":45},"end":{"line":89,"column":53}}],"line":89}},"s":{"0":0,"1":0,"2":0,"3":0,"4":0,"5":0,"6":0,"7":0,"8":0,"9":0,"10":0,"11":0,"12":0,"13":0,"14":0,"15":0,"16":0,"17":0},"f":{"0":0,"1":0},"b":{"0":[0,0],"1":[0,0],"2":[0,0],"3":[0,0],"4":[0,0],"5":[0,0],"6":[0,0]}}
,"C:\\Repos\\minimal-rn-app\\app\\(tabs)\\_layout.tsx": {"path":"C:\\Repos\\minimal-rn-app\\app\\(tabs)\\_layout.tsx","statementMap":{"0":{"start":{"line":6,"column":17},"end":{"line":6,"column":36}},"1":{"start":{"line":9,"column":24},"end":{"line":9,"column":51}},"2":{"start":{"line":11,"column":2},"end":{"line":56,"column":4}},"3":{"start":{"line":44,"column":28},"end":{"line":44,"column":32}},"4":{"start":{"line":52,"column":28},"end":{"line":52,"column":32}}},"fnMap":{"0":{"name":"TabLayout","decl":{"start":{"line":5,"column":24},"end":{"line":5,"column":33}},"loc":{"start":{"line":5,"column":36},"end":{"line":57,"column":1}},"line":5},"1":{"name":"(anonymous_1)","decl":{"start":{"line":44,"column":22},"end":{"line":44,"column":23}},"loc":{"start":{"line":44,"column":28},"end":{"line":44,"column":32}},"line":44},"2":{"name":"(anonymous_2)","decl":{"start":{"line":52,"column":22},"end":{"line":52,"column":23}},"loc":{"start":{"line":52,"column":28},"end":{"line":52,"column":32}},"line":52}},"branchMap":{},"s":{"0":0,"1":0,"2":0,"3":0,"4":0},"f":{"0":0,"1":0,"2":0},"b":{}}
,"C:\\Repos\\minimal-rn-app\\app\\(tabs)\\index.tsx": {"path":"C:\\Repos\\minimal-rn-app\\app\\(tabs)\\index.tsx","statementMap":{"0":{"start":{"line":18,"column":30},"end":{"line":18,"column":59}},"1":{"start":{"line":19,"column":36},"end":{"line":19,"column":50}},"2":{"start":{"line":20,"column":42},"end":{"line":20,"column":57}},"3":{"start":{"line":21,"column":17},"end":{"line":21,"column":28}},"4":{"start":{"line":23,"column":21},"end":{"line":33,"column":8}},"5":{"start":{"line":24,"column":4},"end":{"line":32,"column":5}},"6":{"start":{"line":25,"column":19},"end":{"line":25,"column":49}},"7":{"start":{"line":26,"column":6},"end":{"line":26,"column":22}},"8":{"start":{"line":28,"column":6},"end":{"line":28,"column":52}},"9":{"start":{"line":30,"column":6},"end":{"line":30,"column":26}},"10":{"start":{"line":31,"column":6},"end":{"line":31,"column":29}},"11":{"start":{"line":35,"column":2},"end":{"line":37,"column":19}},"12":{"start":{"line":36,"column":4},"end":{"line":36,"column":17}},"13":{"start":{"line":39,"column":24},"end":{"line":42,"column":3}},"14":{"start":{"line":40,"column":4},"end":{"line":40,"column":26}},"15":{"start":{"line":41,"column":4},"end":{"line":41,"column":17}},"16":{"start":{"line":44,"column":27},"end":{"line":46,"column":3}},"17":{"start":{"line":45,"column":4},"end":{"line":45,"column":37}},"18":{"start":{"line":48,"column":22},"end":{"line":53,"column":3}},"19":{"start":{"line":49,"column":4},"end":{"line":52,"column":11}},"20":{"start":{"line":55,"column":2},"end":{"line":62,"column":3}},"21":{"start":{"line":56,"column":4},"end":{"line":61,"column":6}},"22":{"start":{"line":64,"column":2},"end":{"line":87,"column":4}},"23":{"start":{"line":68,"column":32},"end":{"line":68,"column":44}},"24":{"start":{"line":70,"column":10},"end":{"line":73,"column":12}},"25":{"start":{"line":72,"column":27},"end":{"line":72,"column":57}},"26":{"start":{"line":90,"column":15},"end":{"line":124,"column":2}}},"fnMap":{"0":{"name":"DashboardScreen","decl":{"start":{"line":17,"column":24},"end":{"line":17,"column":39}},"loc":{"start":{"line":17,"column":42},"end":{"line":88,"column":1}},"line":17},"1":{"name":"(anonymous_1)","decl":{"start":{"line":23,"column":33},"end":{"line":23,"column":34}},"loc":{"start":{"line":23,"column":45},"end":{"line":33,"column":3}},"line":23},"2":{"name":"(anonymous_2)","decl":{"start":{"line":35,"column":12},"end":{"line":35,"column":13}},"loc":{"start":{"line":35,"column":18},"end":{"line":37,"column":3}},"line":35},"3":{"name":"(anonymous_3)","decl":{"start":{"line":39,"column":24},"end":{"line":39,"column":25}},"loc":{"start":{"line":39,"column":30},"end":{"line":42,"column":3}},"line":39},"4":{"name":"(anonymous_4)","decl":{"start":{"line":44,"column":27},"end":{"line":44,"column":28}},"loc":{"start":{"line":44,"column":48},"end":{"line":46,"column":3}},"line":44},"5":{"name":"(anonymous_5)","decl":{"start":{"line":48,"column":22},"end":{"line":48,"column":23}},"loc":{"start":{"line":49,"column":4},"end":{"line":52,"column":11}},"line":49},"6":{"name":"(anonymous_6)","decl":{"start":{"line":68,"column":22},"end":{"line":68,"column":23}},"loc":{"start":{"line":68,"column":32},"end":{"line":68,"column":44}},"line":68},"7":{"name":"(anonymous_7)","decl":{"start":{"line":69,"column":20},"end":{"line":69,"column":21}},"loc":{"start":{"line":70,"column":10},"end":{"line":73,"column":12}},"line":70},"8":{"name":"(anonymous_8)","decl":{"start":{"line":72,"column":21},"end":{"line":72,"column":22}},"loc":{"start":{"line":72,"column":27},"end":{"line":72,"column":57}},"line":72}},"branchMap":{"0":{"loc":{"start":{"line":55,"column":2},"end":{"line":62,"column":3}},"type":"if","locations":[{"start":{"line":55,"column":2},"end":{"line":62,"column":3}},{"start":{},"end":{}}],"line":55}},"s":{"0":7,"1":7,"2":7,"3":7,"4":7,"5":4,"6":4,"7":3,"8":0,"9":3,"10":3,"11":7,"12":4,"13":7,"14":0,"15":0,"16":7,"17":0,"18":7,"19":1,"20":7,"21":4,"22":3,"23":9,"24":7,"25":0,"26":1},"f":{"0":7,"1":4,"2":4,"3":0,"4":0,"5":1,"6":9,"7":7,"8":0},"b":{"0":[4,3]},"_coverageSchema":"1a1c01bbd47fc00a2c39e90264f33305004495a9","hash":"9663627e182f089b7d3c15ebe07aecd37ca3f46d"}
,"C:\\Repos\\minimal-rn-app\\app\\(tabs)\\settings.tsx": {"path":"C:\\Repos\\minimal-rn-app\\app\\(tabs)\\settings.tsx","statementMap":{"0":{"start":{"line":15,"column":46},"end":{"line":15,"column":55}},"1":{"start":{"line":17,"column":23},"end":{"line":30,"column":3}},"2":{"start":{"line":18,"column":4},"end":{"line":29,"column":6}},"3":{"start":{"line":32,"column":30},"end":{"line":38,"column":3}},"4":{"start":{"line":33,"column":4},"end":{"line":37,"column":6}},"5":{"start":{"line":40,"column":2},"end":{"line":111,"column":4}},"6":{"start":{"line":78,"column":25},"end":{"line":78,"column":105}},"7":{"start":{"line":85,"column":25},"end":{"line":85,"column":109}},"8":{"start":{"line":114,"column":15},"end":{"line":233,"column":2}}},"fnMap":{"0":{"name":"SettingsScreen","decl":{"start":{"line":14,"column":24},"end":{"line":14,"column":38}},"loc":{"start":{"line":14,"column":41},"end":{"line":112,"column":1}},"line":14},"1":{"name":"(anonymous_1)","decl":{"start":{"line":17,"column":23},"end":{"line":17,"column":24}},"loc":{"start":{"line":17,"column":29},"end":{"line":30,"column":3}},"line":17},"2":{"name":"(anonymous_2)","decl":{"start":{"line":32,"column":30},"end":{"line":32,"column":31}},"loc":{"start":{"line":32,"column":36},"end":{"line":38,"column":3}},"line":32},"3":{"name":"(anonymous_3)","decl":{"start":{"line":78,"column":19},"end":{"line":78,"column":20}},"loc":{"start":{"line":78,"column":25},"end":{"line":78,"column":105}},"line":78},"4":{"name":"(anonymous_4)","decl":{"start":{"line":85,"column":19},"end":{"line":85,"column":20}},"loc":{"start":{"line":85,"column":25},"end":{"line":85,"column":109}},"line":85}},"branchMap":{"0":{"loc":{"start":{"line":63,"column":15},"end":{"line":63,"column":55}},"type":"binary-expr","locations":[{"start":{"line":63,"column":15},"end":{"line":63,"column":44}},{"start":{"line":63,"column":48},"end":{"line":63,"column":55}}],"line":63}},"s":{"0":0,"1":0,"2":0,"3":0,"4":0,"5":0,"6":0,"7":0,"8":0},"f":{"0":0,"1":0,"2":0,"3":0,"4":0},"b":{"0":[0,0]}}
,"C:\\Repos\\minimal-rn-app\\app\\order\\[id].tsx": {"path":"C:\\Repos\\minimal-rn-app\\app\\order\\[id].tsx","statementMap":{"0":{"start":{"line":21,"column":17},"end":{"line":21,"column":55}},"1":{"start":{"line":22,"column":17},"end":{"line":22,"column":28}},"2":{"start":{"line":23,"column":28},"end":{"line":23,"column":64}},"3":{"start":{"line":24,"column":36},"end":{"line":24,"column":50}},"4":{"start":{"line":25,"column":38},"end":{"line":25,"column":53}},"5":{"start":{"line":26,"column":46},"end":{"line":26,"column":68}},"6":{"start":{"line":28,"column":2},"end":{"line":30,"column":11}},"7":{"start":{"line":29,"column":4},"end":{"line":29,"column":16}},"8":{"start":{"line":32,"column":20},"end":{"line":41,"column":3}},"9":{"start":{"line":33,"column":4},"end":{"line":33,"column":20}},"10":{"start":{"line":33,"column":13},"end":{"line":33,"column":20}},"11":{"start":{"line":34,"column":4},"end":{"line":34,"column":23}},"12":{"start":{"line":35,"column":17},"end":{"line":35,"column":62}},"13":{"start":{"line":36,"column":4},"end":{"line":36,"column":19}},"14":{"start":{"line":37,"column":4},"end":{"line":39,"column":5}},"15":{"start":{"line":38,"column":6},"end":{"line":38,"column":53}},"16":{"start":{"line":40,"column":4},"end":{"line":40,"column":24}},"17":{"start":{"line":43,"column":29},"end":{"line":88,"column":3}},"18":{"start":{"line":44,"column":4},"end":{"line":44,"column":23}},"19":{"start":{"line":44,"column":16},"end":{"line":44,"column":23}},"20":{"start":{"line":46,"column":22},"end":{"line":51,"column":5}},"21":{"start":{"line":53,"column":4},"end":{"line":60,"column":5}},"22":{"start":{"line":54,"column":6},"end":{"line":58,"column":8}},"23":{"start":{"line":59,"column":6},"end":{"line":59,"column":13}},"24":{"start":{"line":62,"column":4},"end":{"line":87,"column":6}},"25":{"start":{"line":70,"column":12},"end":{"line":70,"column":32}},"26":{"start":{"line":71,"column":28},"end":{"line":75,"column":13}},"27":{"start":{"line":76,"column":12},"end":{"line":76,"column":33}},"28":{"start":{"line":78,"column":12},"end":{"line":83,"column":13}},"29":{"start":{"line":79,"column":14},"end":{"line":79,"column":88}},"30":{"start":{"line":80,"column":14},"end":{"line":80,"column":32}},"31":{"start":{"line":82,"column":14},"end":{"line":82,"column":68}},"32":{"start":{"line":90,"column":29},"end":{"line":117,"column":3}},"33":{"start":{"line":91,"column":23},"end":{"line":91,"column":72}},"34":{"start":{"line":93,"column":4},"end":{"line":100,"column":5}},"35":{"start":{"line":94,"column":6},"end":{"line":98,"column":8}},"36":{"start":{"line":99,"column":6},"end":{"line":99,"column":13}},"37":{"start":{"line":102,"column":19},"end":{"line":106,"column":6}},"38":{"start":{"line":108,"column":4},"end":{"line":116,"column":5}},"39":{"start":{"line":109,"column":23},"end":{"line":109,"column":43}},"40":{"start":{"line":110,"column":6},"end":{"line":110,"column":55}},"41":{"start":{"line":112,"column":6},"end":{"line":115,"column":7}},"42":{"start":{"line":113,"column":8},"end":{"line":113,"column":66}},"43":{"start":{"line":114,"column":8},"end":{"line":114,"column":67}},"44":{"start":{"line":119,"column":24},"end":{"line":129,"column":3}},"45":{"start":{"line":120,"column":4},"end":{"line":120,"column":28}},"46":{"start":{"line":120,"column":16},"end":{"line":120,"column":28}},"47":{"start":{"line":121,"column":4},"end":{"line":128,"column":5}},"48":{"start":{"line":123,"column":8},"end":{"line":123,"column":28}},"49":{"start":{"line":125,"column":8},"end":{"line":125,"column":27}},"50":{"start":{"line":127,"column":8},"end":{"line":127,"column":20}},"51":{"start":{"line":131,"column":21},"end":{"line":140,"column":3}},"52":{"start":{"line":132,"column":17},"end":{"line":132,"column":37}},"53":{"start":{"line":133,"column":4},"end":{"line":139,"column":7}},"54":{"start":{"line":142,"column":2},"end":{"line":148,"column":3}},"55":{"start":{"line":143,"column":4},"end":{"line":147,"column":6}},"56":{"start":{"line":150,"column":2},"end":{"line":162,"column":3}},"57":{"start":{"line":151,"column":4},"end":{"line":161,"column":6}},"58":{"start":{"line":156,"column":25},"end":{"line":156,"column":38}},"59":{"start":{"line":164,"column":21},"end":{"line":164,"column":36}},"60":{"start":{"line":166,"column":2},"end":{"line":288,"column":4}},"61":{"start":{"line":226,"column":12},"end":{"line":242,"column":19}},"62":{"start":{"line":252,"column":18},"end":{"line":252,"column":77}},"63":{"start":{"line":272,"column":29},"end":{"line":272,"column":59}},"64":{"start":{"line":291,"column":15},"end":{"line":501,"column":2}}},"fnMap":{"0":{"name":"OrderDetailScreen","decl":{"start":{"line":20,"column":24},"end":{"line":20,"column":41}},"loc":{"start":{"line":20,"column":44},"end":{"line":289,"column":1}},"line":20},"1":{"name":"(anonymous_1)","decl":{"start":{"line":28,"column":12},"end":{"line":28,"column":13}},"loc":{"start":{"line":28,"column":18},"end":{"line":30,"column":3}},"line":28},"2":{"name":"(anonymous_2)","decl":{"start":{"line":32,"column":20},"end":{"line":32,"column":21}},"loc":{"start":{"line":32,"column":32},"end":{"line":41,"column":3}},"line":32},"3":{"name":"(anonymous_3)","decl":{"start":{"line":43,"column":29},"end":{"line":43,"column":30}},"loc":{"start":{"line":43,"column":63},"end":{"line":88,"column":3}},"line":43},"4":{"name":"(anonymous_4)","decl":{"start":{"line":69,"column":19},"end":{"line":69,"column":20}},"loc":{"start":{"line":69,"column":31},"end":{"line":84,"column":11}},"line":69},"5":{"name":"(anonymous_5)","decl":{"start":{"line":90,"column":29},"end":{"line":90,"column":30}},"loc":{"start":{"line":90,"column":41},"end":{"line":117,"column":3}},"line":90},"6":{"name":"(anonymous_6)","decl":{"start":{"line":119,"column":24},"end":{"line":119,"column":25}},"loc":{"start":{"line":119,"column":50},"end":{"line":129,"column":3}},"line":119},"7":{"name":"(anonymous_7)","decl":{"start":{"line":131,"column":21},"end":{"line":131,"column":22}},"loc":{"start":{"line":131,"column":45},"end":{"line":140,"column":3}},"line":131},"8":{"name":"(anonymous_8)","decl":{"start":{"line":156,"column":19},"end":{"line":156,"column":20}},"loc":{"start":{"line":156,"column":25},"end":{"line":156,"column":38}},"line":156},"9":{"name":"(anonymous_9)","decl":{"start":{"line":225,"column":31},"end":{"line":225,"column":32}},"loc":{"start":{"line":226,"column":12},"end":{"line":242,"column":19}},"line":226},"10":{"name":"(anonymous_10)","decl":{"start":{"line":251,"column":36},"end":{"line":251,"column":37}},"loc":{"start":{"line":252,"column":18},"end":{"line":252,"column":77}},"line":252},"11":{"name":"(anonymous_11)","decl":{"start":{"line":272,"column":23},"end":{"line":272,"column":24}},"loc":{"start":{"line":272,"column":29},"end":{"line":272,"column":59}},"line":272}},"branchMap":{"0":{"loc":{"start":{"line":33,"column":4},"end":{"line":33,"column":20}},"type":"if","locations":[{"start":{"line":33,"column":4},"end":{"line":33,"column":20}},{"start":{},"end":{}}],"line":33},"1":{"loc":{"start":{"line":37,"column":4},"end":{"line":39,"column":5}},"type":"if","locations":[{"start":{"line":37,"column":4},"end":{"line":39,"column":5}},{"start":{},"end":{}}],"line":37},"2":{"loc":{"start":{"line":44,"column":4},"end":{"line":44,"column":23}},"type":"if","locations":[{"start":{"line":44,"column":4},"end":{"line":44,"column":23}},{"start":{},"end":{}}],"line":44},"3":{"loc":{"start":{"line":53,"column":4},"end":{"line":60,"column":5}},"type":"if","locations":[{"start":{"line":53,"column":4},"end":{"line":60,"column":5}},{"start":{},"end":{}}],"line":53},"4":{"loc":{"start":{"line":53,"column":8},"end":{"line":53,"column":64}},"type":"binary-expr","locations":[{"start":{"line":53,"column":8},"end":{"line":53,"column":33}},{"start":{"line":53,"column":37},"end":{"line":53,"column":64}}],"line":53},"5":{"loc":{"start":{"line":74,"column":14},"end":{"line":74,"column":68}},"type":"cond-expr","locations":[{"start":{"line":74,"column":42},"end":{"line":74,"column":56}},{"start":{"line":74,"column":59},"end":{"line":74,"column":68}}],"line":74},"6":{"loc":{"start":{"line":78,"column":12},"end":{"line":83,"column":13}},"type":"if","locations":[{"start":{"line":78,"column":12},"end":{"line":83,"column":13}},{"start":{"line":81,"column":19},"end":{"line":83,"column":13}}],"line":78},"7":{"loc":{"start":{"line":93,"column":4},"end":{"line":100,"column":5}},"type":"if","locations":[{"start":{"line":93,"column":4},"end":{"line":100,"column":5}},{"start":{},"end":{}}],"line":93},"8":{"loc":{"start":{"line":108,"column":4},"end":{"line":116,"column":5}},"type":"if","locations":[{"start":{"line":108,"column":4},"end":{"line":116,"column":5}},{"start":{},"end":{}}],"line":108},"9":{"loc":{"start":{"line":108,"column":8},"end":{"line":108,"column":44}},"type":"binary-expr","locations":[{"start":{"line":108,"column":8},"end":{"line":108,"column":24}},{"start":{"line":108,"column":28},"end":{"line":108,"column":44}}],"line":108},"10":{"loc":{"start":{"line":112,"column":6},"end":{"line":115,"column":7}},"type":"if","locations":[{"start":{"line":112,"column":6},"end":{"line":115,"column":7}},{"start":{},"end":{}}],"line":112},"11":{"loc":{"start":{"line":120,"column":4},"end":{"line":120,"column":28}},"type":"if","locations":[{"start":{"line":120,"column":4},"end":{"line":120,"column":28}},{"start":{},"end":{}}],"line":120},"12":{"loc":{"start":{"line":121,"column":4},"end":{"line":128,"column":5}},"type":"switch","locations":[{"start":{"line":122,"column":6},"end":{"line":123,"column":28}},{"start":{"line":124,"column":6},"end":{"line":125,"column":27}},{"start":{"line":126,"column":6},"end":{"line":127,"column":20}}],"line":121},"13":{"loc":{"start":{"line":142,"column":2},"end":{"line":148,"column":3}},"type":"if","locations":[{"start":{"line":142,"column":2},"end":{"line":148,"column":3}},{"start":{},"end":{}}],"line":142},"14":{"loc":{"start":{"line":150,"column":2},"end":{"line":162,"column":3}},"type":"if","locations":[{"start":{"line":150,"column":2},"end":{"line":162,"column":3}},{"start":{},"end":{}}],"line":150},"15":{"loc":{"start":{"line":180,"column":13},"end":{"line":185,"column":13}},"type":"binary-expr","locations":[{"start":{"line":180,"column":13},"end":{"line":180,"column":33}},{"start":{"line":181,"column":14},"end":{"line":184,"column":21}}],"line":180},"16":{"loc":{"start":{"line":197,"column":13},"end":{"line":201,"column":13}},"type":"binary-expr","locations":[{"start":{"line":197,"column":13},"end":{"line":197,"column":36}},{"start":{"line":198,"column":14},"end":{"line":200,"column":21}}],"line":197},"17":{"loc":{"start":{"line":213,"column":13},"end":{"line":217,"column":13}},"type":"binary-expr","locations":[{"start":{"line":213,"column":13},"end":{"line":213,"column":37}},{"start":{"line":214,"column":14},"end":{"line":216,"column":21}}],"line":213},"18":{"loc":{"start":{"line":229,"column":17},"end":{"line":233,"column":17}},"type":"binary-expr","locations":[{"start":{"line":229,"column":17},"end":{"line":229,"column":29}},{"start":{"line":230,"column":18},"end":{"line":232,"column":25}}],"line":229},"19":{"loc":{"start":{"line":237,"column":17},"end":{"line":239,"column":17}},"type":"binary-expr","locations":[{"start":{"line":237,"column":17},"end":{"line":237,"column":28}},{"start":{"line":238,"column":18},"end":{"line":238,"column":87}}],"line":237},"20":{"loc":{"start":{"line":241,"column":15},"end":{"line":241,"column":79}},"type":"binary-expr","locations":[{"start":{"line":241,"column":15},"end":{"line":241,"column":25}},{"start":{"line":241,"column":29},"end":{"line":241,"column":79}}],"line":241},"21":{"loc":{"start":{"line":249,"column":13},"end":{"line":257,"column":13}},"type":"cond-expr","locations":[{"start":{"line":250,"column":14},"end":{"line":254,"column":21}},{"start":{"line":256,"column":14},"end":{"line":256,"column":73}}],"line":249},"22":{"loc":{"start":{"line":268,"column":9},"end":{"line":285,"column":9}},"type":"binary-expr","locations":[{"start":{"line":268,"column":9},"end":{"line":268,"column":19}},{"start":{"line":269,"column":10},"end":{"line":284,"column":17}}],"line":268},"23":{"loc":{"start":{"line":271,"column":43},"end":{"line":271,"column":84}},"type":"binary-expr","locations":[{"start":{"line":271,"column":43},"end":{"line":271,"column":53}},{"start":{"line":271,"column":57},"end":{"line":271,"column":84}}],"line":271},"24":{"loc":{"start":{"line":277,"column":17},"end":{"line":281,"column":39}},"type":"cond-expr","locations":[{"start":{"line":278,"column":20},"end":{"line":278,"column":33}},{"start":{"line":279,"column":20},"end":{"line":281,"column":39}}],"line":277},"25":{"loc":{"start":{"line":279,"column":20},"end":{"line":281,"column":39}},"type":"cond-expr","locations":[{"start":{"line":280,"column":20},"end":{"line":280,"column":36}},{"start":{"line":281,"column":20},"end":{"line":281,"column":39}}],"line":279}},"s":{"0":0,"1":0,"2":0,"3":0,"4":0,"5":0,"6":0,"7":0,"8":0,"9":0,"10":0,"11":0,"12":0,"13":0,"14":0,"15":0,"16":0,"17":0,"18":0,"19":0,"20":0,"21":0,"22":0,"23":0,"24":0,"25":0,"26":0,"27":0,"28":0,"29":0,"30":0,"31":0,"32":0,"33":0,"34":0,"35":0,"36":0,"37":0,"38":0,"39":0,"40":0,"41":0,"42":0,"43":0,"44":0,"45":0,"46":0,"47":0,"48":0,"49":0,"50":0,"51":0,"52":0,"53":0,"54":0,"55":0,"56":0,"57":0,"58":0,"59":0,"60":0,"61":0,"62":0,"63":0,"64":0},"f":{"0":0,"1":0,"2":0,"3":0,"4":0,"5":0,"6":0,"7":0,"8":0,"9":0,"10":0,"11":0},"b":{"0":[0,0],"1":[0,0],"2":[0,0],"3":[0,0],"4":[0,0],"5":[0,0],"6":[0,0],"7":[0,0],"8":[0,0],"9":[0,0],"10":[0,0],"11":[0,0],"12":[0,0,0],"13":[0,0],"14":[0,0],"15":[0,0],"16":[0,0],"17":[0,0],"18":[0,0],"19":[0,0],"20":[0,0],"21":[0,0],"22":[0,0],"23":[0,0],"24":[0,0],"25":[0,0]}}
,"C:\\Repos\\minimal-rn-app\\app\\order\\_layout.tsx": {"path":"C:\\Repos\\minimal-rn-app\\app\\order\\_layout.tsx","statementMap":{"0":{"start":{"line":5,"column":2},"end":{"line":11,"column":4}}},"fnMap":{"0":{"name":"OrderLayout","decl":{"start":{"line":4,"column":24},"end":{"line":4,"column":35}},"loc":{"start":{"line":4,"column":38},"end":{"line":12,"column":1}},"line":4}},"branchMap":{},"s":{"0":0},"f":{"0":0},"b":{}}
,"C:\\Repos\\minimal-rn-app\\src\\components\\OrderCard.tsx": {"path":"C:\\Repos\\minimal-rn-app\\src\\components\\OrderCard.tsx","statementMap":{"0":{"start":{"line":12,"column":51},"end":{"line":69,"column":1}},"1":{"start":{"line":13,"column":21},"end":{"line":21,"column":3}},"2":{"start":{"line":14,"column":17},"end":{"line":14,"column":37}},"3":{"start":{"line":15,"column":4},"end":{"line":20,"column":7}},"4":{"start":{"line":23,"column":2},"end":{"line":68,"column":4}},"5":{"start":{"line":71,"column":15},"end":{"line":162,"column":2}}},"fnMap":{"0":{"name":"(anonymous_0)","decl":{"start":{"line":12,"column":51},"end":{"line":12,"column":52}},"loc":{"start":{"line":12,"column":75},"end":{"line":69,"column":1}},"line":12},"1":{"name":"(anonymous_1)","decl":{"start":{"line":13,"column":21},"end":{"line":13,"column":22}},"loc":{"start":{"line":13,"column":45},"end":{"line":21,"column":3}},"line":13}},"branchMap":{"0":{"loc":{"start":{"line":64,"column":40},"end":{"line":64,"column":79}},"type":"cond-expr","locations":[{"start":{"line":64,"column":71},"end":{"line":64,"column":74}},{"start":{"line":64,"column":77},"end":{"line":64,"column":79}}],"line":64}},"s":{"0":2,"1":18,"2":36,"3":36,"4":18,"5":2},"f":{"0":18,"1":36},"b":{"0":[6,12]},"_coverageSchema":"1a1c01bbd47fc00a2c39e90264f33305004495a9","hash":"9584c05bb715717430bdbfbf4a301faef5f94c49"}
,"C:\\Repos\\minimal-rn-app\\src\\components\\StatusBadge.tsx": {"path":"C:\\Repos\\minimal-rn-app\\src\\components\\StatusBadge.tsx","statementMap":{"0":{"start":{"line":11,"column":55},"end":{"line":63,"column":1}},"1":{"start":{"line":12,"column":26},"end":{"line":39,"column":3}},"2":{"start":{"line":13,"column":4},"end":{"line":38,"column":5}},"3":{"start":{"line":15,"column":8},"end":{"line":19,"column":10}},"4":{"start":{"line":21,"column":8},"end":{"line":25,"column":10}},"5":{"start":{"line":27,"column":8},"end":{"line":31,"column":10}},"6":{"start":{"line":33,"column":8},"end":{"line":37,"column":10}},"7":{"start":{"line":41,"column":17},"end":{"line":41,"column":34}},"8":{"start":{"line":42,"column":18},"end":{"line":42,"column":34}},"9":{"start":{"line":44,"column":2},"end":{"line":62,"column":4}},"10":{"start":{"line":65,"column":15},"end":{"line":86,"column":2}}},"fnMap":{"0":{"name":"(anonymous_0)","decl":{"start":{"line":11,"column":55},"end":{"line":11,"column":56}},"loc":{"start":{"line":11,"column":87},"end":{"line":63,"column":1}},"line":11},"1":{"name":"(anonymous_1)","decl":{"start":{"line":12,"column":26},"end":{"line":12,"column":27}},"loc":{"start":{"line":12,"column":32},"end":{"line":39,"column":3}},"line":12}},"branchMap":{"0":{"loc":{"start":{"line":11,"column":66},"end":{"line":11,"column":80}},"type":"default-arg","locations":[{"start":{"line":11,"column":73},"end":{"line":11,"column":80}}],"line":11},"1":{"loc":{"start":{"line":13,"column":4},"end":{"line":38,"column":5}},"type":"switch","locations":[{"start":{"line":14,"column":6},"end":{"line":19,"column":10}},{"start":{"line":20,"column":6},"end":{"line":25,"column":10}},{"start":{"line":26,"column":6},"end":{"line":31,"column":10}},{"start":{"line":32,"column":6},"end":{"line":37,"column":10}}],"line":13},"2":{"loc":{"start":{"line":49,"column":8},"end":{"line":49,"column":36}},"type":"binary-expr","locations":[{"start":{"line":49,"column":8},"end":{"line":49,"column":15}},{"start":{"line":49,"column":19},"end":{"line":49,"column":36}}],"line":49},"3":{"loc":{"start":{"line":56,"column":10},"end":{"line":56,"column":37}},"type":"binary-expr","locations":[{"start":{"line":56,"column":10},"end":{"line":56,"column":17}},{"start":{"line":56,"column":21},"end":{"line":56,"column":37}}],"line":56}},"s":{"0":3,"1":23,"2":23,"3":14,"4":4,"5":4,"6":1,"7":23,"8":23,"9":23,"10":3},"f":{"0":23,"1":23},"b":{"0":[22],"1":[14,4,4,1],"2":[23,1],"3":[23,1]},"_coverageSchema":"1a1c01bbd47fc00a2c39e90264f33305004495a9","hash":"03204eec1c966e74c2147683beb5e72daf16578f"}
,"C:\\Repos\\minimal-rn-app\\src\\context\\AuthContext.tsx": {"path":"C:\\Repos\\minimal-rn-app\\src\\context\\AuthContext.tsx","statementMap":{"0":{"start":{"line":15,"column":20},"end":{"line":15,"column":73}},"1":{"start":{"line":17,"column":20},"end":{"line":17,"column":41}},"2":{"start":{"line":19,"column":69},"end":{"line":97,"column":1}},"3":{"start":{"line":20,"column":48},"end":{"line":20,"column":63}},"4":{"start":{"line":21,"column":36},"end":{"line":21,"column":50}},"5":{"start":{"line":22,"column":38},"end":{"line":22,"column":50}},"6":{"start":{"line":23,"column":40},"end":{"line":23,"column":52}},"7":{"start":{"line":25,"column":2},"end":{"line":27,"column":9}},"8":{"start":{"line":26,"column":4},"end":{"line":26,"column":19}},"9":{"start":{"line":29,"column":23},"end":{"line":43,"column":3}},"10":{"start":{"line":30,"column":4},"end":{"line":42,"column":5}},"11":{"start":{"line":31,"column":22},"end":{"line":31,"column":61}},"12":{"start":{"line":32,"column":6},"end":{"line":37,"column":7}},"13":{"start":{"line":33,"column":32},"end":{"line":33,"column":51}},"14":{"start":{"line":34,"column":8},"end":{"line":34,"column":30}},"15":{"start":{"line":35,"column":8},"end":{"line":35,"column":28}},"16":{"start":{"line":36,"column":8},"end":{"line":36,"column":33}},"17":{"start":{"line":39,"column":6},"end":{"line":39,"column":54}},"18":{"start":{"line":41,"column":6},"end":{"line":41,"column":26}},"19":{"start":{"line":45,"column":16},"end":{"line":68,"column":3}},"20":{"start":{"line":48,"column":4},"end":{"line":66,"column":5}},"21":{"start":{"line":49,"column":22},"end":{"line":53,"column":7}},"22":{"start":{"line":55,"column":6},"end":{"line":65,"column":7}},"23":{"start":{"line":56,"column":8},"end":{"line":56,"column":73}},"24":{"start":{"line":57,"column":8},"end":{"line":57,"column":30}},"25":{"start":{"line":58,"column":8},"end":{"line":58,"column":40}},"26":{"start":{"line":59,"column":8},"end":{"line":59,"column":33}},"27":{"start":{"line":60,"column":8},"end":{"line":60,"column":39}},"28":{"start":{"line":61,"column":8},"end":{"line":61,"column":20}},"29":{"start":{"line":63,"column":8},"end":{"line":63,"column":52}},"30":{"start":{"line":64,"column":8},"end":{"line":64,"column":21}},"31":{"start":{"line":67,"column":4},"end":{"line":67,"column":17}},"32":{"start":{"line":70,"column":17},"end":{"line":81,"column":3}},"33":{"start":{"line":71,"column":4},"end":{"line":80,"column":5}},"34":{"start":{"line":72,"column":20},"end":{"line":72,"column":31}},"35":{"start":{"line":73,"column":6},"end":{"line":73,"column":49}},"36":{"start":{"line":74,"column":6},"end":{"line":74,"column":32}},"37":{"start":{"line":75,"column":6},"end":{"line":75,"column":25}},"38":{"start":{"line":76,"column":6},"end":{"line":76,"column":24}},"39":{"start":{"line":77,"column":6},"end":{"line":77,"column":38}},"40":{"start":{"line":79,"column":6},"end":{"line":79,"column":47}},"41":{"start":{"line":83,"column":2},"end":{"line":96,"column":4}},"42":{"start":{"line":99,"column":23},"end":{"line":105,"column":1}},"43":{"start":{"line":100,"column":18},"end":{"line":100,"column":41}},"44":{"start":{"line":101,"column":2},"end":{"line":103,"column":3}},"45":{"start":{"line":102,"column":4},"end":{"line":102,"column":67}},"46":{"start":{"line":104,"column":2},"end":{"line":104,"column":17}}},"fnMap":{"0":{"name":"(anonymous_0)","decl":{"start":{"line":19,"column":69},"end":{"line":19,"column":70}},"loc":{"start":{"line":19,"column":87},"end":{"line":97,"column":1}},"line":19},"1":{"name":"(anonymous_1)","decl":{"start":{"line":25,"column":12},"end":{"line":25,"column":13}},"loc":{"start":{"line":25,"column":18},"end":{"line":27,"column":3}},"line":25},"2":{"name":"(anonymous_2)","decl":{"start":{"line":29,"column":23},"end":{"line":29,"column":24}},"loc":{"start":{"line":29,"column":35},"end":{"line":43,"column":3}},"line":29},"3":{"name":"(anonymous_3)","decl":{"start":{"line":45,"column":16},"end":{"line":45,"column":17}},"loc":{"start":{"line":45,"column":77},"end":{"line":68,"column":3}},"line":45},"4":{"name":"(anonymous_4)","decl":{"start":{"line":70,"column":17},"end":{"line":70,"column":18}},"loc":{"start":{"line":70,"column":29},"end":{"line":81,"column":3}},"line":70},"5":{"name":"(anonymous_5)","decl":{"start":{"line":99,"column":23},"end":{"line":99,"column":24}},"loc":{"start":{"line":99,"column":29},"end":{"line":105,"column":1}},"line":99}},"branchMap":{"0":{"loc":{"start":{"line":32,"column":6},"end":{"line":37,"column":7}},"type":"if","locations":[{"start":{"line":32,"column":6},"end":{"line":37,"column":7}},{"start":{},"end":{}}],"line":32},"1":{"loc":{"start":{"line":48,"column":4},"end":{"line":66,"column":5}},"type":"if","locations":[{"start":{"line":48,"column":4},"end":{"line":66,"column":5}},{"start":{},"end":{}}],"line":48},"2":{"loc":{"start":{"line":48,"column":8},"end":{"line":48,"column":37}},"type":"binary-expr","locations":[{"start":{"line":48,"column":8},"end":{"line":48,"column":13}},{"start":{"line":48,"column":17},"end":{"line":48,"column":37}}],"line":48},"3":{"loc":{"start":{"line":101,"column":2},"end":{"line":103,"column":3}},"type":"if","locations":[{"start":{"line":101,"column":2},"end":{"line":103,"column":3}},{"start":{},"end":{}}],"line":101}},"s":{"0":0,"1":0,"2":0,"3":0,"4":0,"5":0,"6":0,"7":0,"8":0,"9":0,"10":0,"11":0,"12":0,"13":0,"14":0,"15":0,"16":0,"17":0,"18":0,"19":0,"20":0,"21":0,"22":0,"23":0,"24":0,"25":0,"26":0,"27":0,"28":0,"29":0,"30":0,"31":0,"32":0,"33":0,"34":0,"35":0,"36":0,"37":0,"38":0,"39":0,"40":0,"41":0,"42":0,"43":0,"44":0,"45":0,"46":0},"f":{"0":0,"1":0,"2":0,"3":0,"4":0,"5":0},"b":{"0":[0,0],"1":[0,0],"2":[0,0],"3":[0,0]}}
,"C:\\Repos\\minimal-rn-app\\src\\services\\mockData.ts": {"path":"C:\\Repos\\minimal-rn-app\\src\\services\\mockData.ts","statementMap":{"0":{"start":{"line":3,"column":44},"end":{"line":192,"column":1}},"1":{"start":{"line":194,"column":27},"end":{"line":201,"column":1}}},"fnMap":{},"branchMap":{},"s":{"0":3,"1":3},"f":{},"b":{},"_coverageSchema":"1a1c01bbd47fc00a2c39e90264f33305004495a9","hash":"100e7b248b6cf57e9f2ba07b98adfeb43e04610c"}
,"C:\\Repos\\minimal-rn-app\\src\\services\\orderService.ts": {"path":"C:\\Repos\\minimal-rn-app\\src\\services\\orderService.ts","statementMap":{"0":{"start":{"line":6,"column":27},"end":{"line":6,"column":47}},"1":{"start":{"line":10,"column":4},"end":{"line":24,"column":5}},"2":{"start":{"line":11,"column":21},"end":{"line":11,"column":67}},"3":{"start":{"line":12,"column":6},"end":{"line":16,"column":7}},"4":{"start":{"line":13,"column":23},"end":{"line":13,"column":41}},"5":{"start":{"line":14,"column":8},"end":{"line":14,"column":43}},"6":{"start":{"line":15,"column":8},"end":{"line":15,"column":22}},"7":{"start":{"line":18,"column":6},"end":{"line":18,"column":82}},"8":{"start":{"line":19,"column":6},"end":{"line":19,"column":46}},"9":{"start":{"line":20,"column":6},"end":{"line":20,"column":25}},"10":{"start":{"line":22,"column":6},"end":{"line":22,"column":50}},"11":{"start":{"line":23,"column":6},"end":{"line":23,"column":25}},"12":{"start":{"line":28,"column":19},"end":{"line":28,"column":41}},"13":{"start":{"line":29,"column":4},"end":{"line":29,"column":59}},"14":{"start":{"line":29,"column":28},"end":{"line":29,"column":49}},"15":{"start":{"line":37,"column":4},"end":{"line":71,"column":5}},"16":{"start":{"line":38,"column":21},"end":{"line":38,"column":43}},"17":{"start":{"line":39,"column":25},"end":{"line":39,"column":69}},"18":{"start":{"line":39,"column":47},"end":{"line":39,"column":68}},"19":{"start":{"line":41,"column":6},"end":{"line":41,"column":42}},"20":{"start":{"line":41,"column":29},"end":{"line":41,"column":42}},"21":{"start":{"line":43,"column":24},"end":{"line":43,"column":49}},"22":{"start":{"line":44,"column":27},"end":{"line":48,"column":7}},"23":{"start":{"line":51,"column":6},"end":{"line":53,"column":7}},"24":{"start":{"line":52,"column":8},"end":{"line":52,"column":66}},"25":{"start":{"line":55,"column":6},"end":{"line":62,"column":7}},"26":{"start":{"line":56,"column":8},"end":{"line":56,"column":67}},"27":{"start":{"line":57,"column":8},"end":{"line":61,"column":10}},"28":{"start":{"line":64,"column":6},"end":{"line":64,"column":40}},"29":{"start":{"line":65,"column":6},"end":{"line":65,"column":77}},"30":{"start":{"line":66,"column":6},"end":{"line":66,"column":62}},"31":{"start":{"line":67,"column":6},"end":{"line":67,"column":18}},"32":{"start":{"line":69,"column":6},"end":{"line":69,"column":50}},"33":{"start":{"line":70,"column":6},"end":{"line":70,"column":19}},"34":{"start":{"line":75,"column":4},"end":{"line":100,"column":5}},"35":{"start":{"line":76,"column":21},"end":{"line":76,"column":43}},"36":{"start":{"line":77,"column":25},"end":{"line":77,"column":69}},"37":{"start":{"line":77,"column":47},"end":{"line":77,"column":68}},"38":{"start":{"line":79,"column":6},"end":{"line":79,"column":42}},"39":{"start":{"line":79,"column":29},"end":{"line":79,"column":42}},"40":{"start":{"line":81,"column":20},"end":{"line":81,"column":38}},"41":{"start":{"line":82,"column":6},"end":{"line":89,"column":7}},"42":{"start":{"line":83,"column":8},"end":{"line":86,"column":10}},"43":{"start":{"line":88,"column":8},"end":{"line":88,"column":52}},"44":{"start":{"line":91,"column":6},"end":{"line":91,"column":49}},"45":{"start":{"line":92,"column":6},"end":{"line":92,"column":33}},"46":{"start":{"line":94,"column":6},"end":{"line":94,"column":77}},"47":{"start":{"line":95,"column":6},"end":{"line":95,"column":76}},"48":{"start":{"line":96,"column":6},"end":{"line":96,"column":18}},"49":{"start":{"line":98,"column":6},"end":{"line":98,"column":54}},"50":{"start":{"line":99,"column":6},"end":{"line":99,"column":19}}},"fnMap":{"0":{"name":"(anonymous_0)","decl":{"start":{"line":9,"column":2},"end":{"line":9,"column":3}},"loc":{"start":{"line":9,"column":53},"end":{"line":25,"column":3}},"line":9},"1":{"name":"(anonymous_1)","decl":{"start":{"line":27,"column":2},"end":{"line":27,"column":3}},"loc":{"start":{"line":27,"column":76},"end":{"line":30,"column":3}},"line":27},"2":{"name":"(anonymous_2)","decl":{"start":{"line":29,"column":23},"end":{"line":29,"column":24}},"loc":{"start":{"line":29,"column":28},"end":{"line":29,"column":49}},"line":29},"3":{"name":"(anonymous_3)","decl":{"start":{"line":32,"column":2},"end":{"line":32,"column":3}},"loc":{"start":{"line":36,"column":22},"end":{"line":72,"column":3}},"line":36},"4":{"name":"(anonymous_4)","decl":{"start":{"line":39,"column":42},"end":{"line":39,"column":43}},"loc":{"start":{"line":39,"column":47},"end":{"line":39,"column":68}},"line":39},"5":{"name":"(anonymous_5)","decl":{"start":{"line":74,"column":2},"end":{"line":74,"column":3}},"loc":{"start":{"line":74,"column":82},"end":{"line":101,"column":3}},"line":74},"6":{"name":"(anonymous_6)","decl":{"start":{"line":77,"column":42},"end":{"line":77,"column":43}},"loc":{"start":{"line":77,"column":47},"end":{"line":77,"column":68}},"line":77}},"branchMap":{"0":{"loc":{"start":{"line":12,"column":6},"end":{"line":16,"column":7}},"type":"if","locations":[{"start":{"line":12,"column":6},"end":{"line":16,"column":7}},{"start":{},"end":{}}],"line":12},"1":{"loc":{"start":{"line":29,"column":11},"end":{"line":29,"column":58}},"type":"binary-expr","locations":[{"start":{"line":29,"column":11},"end":{"line":29,"column":50}},{"start":{"line":29,"column":54},"end":{"line":29,"column":58}}],"line":29},"2":{"loc":{"start":{"line":41,"column":6},"end":{"line":41,"column":42}},"type":"if","locations":[{"start":{"line":41,"column":6},"end":{"line":41,"column":42}},{"start":{},"end":{}}],"line":41},"3":{"loc":{"start":{"line":51,"column":6},"end":{"line":53,"column":7}},"type":"if","locations":[{"start":{"line":51,"column":6},"end":{"line":53,"column":7}},{"start":{},"end":{}}],"line":51},"4":{"loc":{"start":{"line":51,"column":10},"end":{"line":51,"column":68}},"type":"binary-expr","locations":[{"start":{"line":51,"column":10},"end":{"line":51,"column":33}},{"start":{"line":51,"column":37},"end":{"line":51,"column":68}}],"line":51},"5":{"loc":{"start":{"line":55,"column":6},"end":{"line":62,"column":7}},"type":"if","locations":[{"start":{"line":55,"column":6},"end":{"line":62,"column":7}},{"start":{},"end":{}}],"line":55},"6":{"loc":{"start":{"line":58,"column":18},"end":{"line":58,"column":35}},"type":"binary-expr","locations":[{"start":{"line":58,"column":18},"end":{"line":58,"column":29}},{"start":{"line":58,"column":33},"end":{"line":58,"column":35}}],"line":58},"7":{"loc":{"start":{"line":79,"column":6},"end":{"line":79,"column":42}},"type":"if","locations":[{"start":{"line":79,"column":6},"end":{"line":79,"column":42}},{"start":{},"end":{}}],"line":79},"8":{"loc":{"start":{"line":82,"column":6},"end":{"line":89,"column":7}},"type":"if","locations":[{"start":{"line":82,"column":6},"end":{"line":89,"column":7}},{"start":{"line":87,"column":13},"end":{"line":89,"column":7}}],"line":82}},"s":{"0":2,"1":11,"2":11,"3":11,"4":10,"5":10,"6":10,"7":1,"8":1,"9":1,"10":0,"11":0,"12":2,"13":2,"14":5,"15":5,"16":5,"17":5,"18":8,"19":5,"20":1,"21":4,"22":4,"23":4,"24":2,"25":4,"26":2,"27":2,"28":4,"29":4,"30":4,"31":4,"32":0,"33":0,"34":2,"35":2,"36":2,"37":2,"38":2,"39":0,"40":2,"41":2,"42":1,"43":1,"44":2,"45":2,"46":2,"47":2,"48":2,"49":0,"50":0},"f":{"0":11,"1":2,"2":5,"3":5,"4":8,"5":2,"6":2},"b":{"0":[10,1],"1":[2,1],"2":[1,4],"3":[2,2],"4":[4,2],"5":[2,2],"6":[2,1],"7":[0,2],"8":[1,1]},"_coverageSchema":"1a1c01bbd47fc00a2c39e90264f33305004495a9","hash":"6cbc477ff2cfa7939349e4018cf7a52cb7c89a60"}
,"C:\\Repos\\minimal-rn-app\\src\\theme\\colors.ts": {"path":"C:\\Repos\\minimal-rn-app\\src\\theme\\colors.ts","statementMap":{"0":{"start":{"line":2,"column":22},"end":{"line":35,"column":1}},"1":{"start":{"line":37,"column":23},"end":{"line":44,"column":1}},"2":{"start":{"line":46,"column":24},"end":{"line":53,"column":1}},"3":{"start":{"line":55,"column":28},"end":{"line":60,"column":1}},"4":{"start":{"line":63,"column":27},"end":{"line":66,"column":1}}},"fnMap":{},"branchMap":{},"s":{"0":3,"1":3,"2":3,"3":3,"4":3},"f":{},"b":{},"_coverageSchema":"1a1c01bbd47fc00a2c39e90264f33305004495a9","hash":"fa6ba7033892c2d0544c2ffa128c3dff80c8a4ec"}
,"C:\\Repos\\minimal-rn-app\\src\\types\\index.ts": {"path":"C:\\Repos\\minimal-rn-app\\src\\types\\index.ts","statementMap":{},"fnMap":{},"branchMap":{},"s":{},"f":{},"b":{}}
,"C:\\Repos\\minimal-rn-app\\src\\utils\\logger.ts": {"path":"C:\\Repos\\minimal-rn-app\\src\\utils\\logger.ts","statementMap":{"0":{"start":{"line":11,"column":22},"end":{"line":11,"column":46}},"1":{"start":{"line":12,"column":23},"end":{"line":12,"column":75}},"2":{"start":{"line":14,"column":4},"end":{"line":27,"column":5}},"3":{"start":{"line":16,"column":8},"end":{"line":16,"column":46}},"4":{"start":{"line":17,"column":8},"end":{"line":17,"column":14}},"5":{"start":{"line":19,"column":8},"end":{"line":19,"column":45}},"6":{"start":{"line":20,"column":8},"end":{"line":20,"column":14}},"7":{"start":{"line":22,"column":8},"end":{"line":22,"column":45}},"8":{"start":{"line":23,"column":8},"end":{"line":23,"column":14}},"9":{"start":{"line":25,"column":8},"end":{"line":25,"column":46}},"10":{"start":{"line":26,"column":8},"end":{"line":26,"column":14}},"11":{"start":{"line":42,"column":16},"end":{"line":42,"column":77}},"12":{"start":{"line":43,"column":4},"end":{"line":43,"column":45}},"13":{"start":{"line":44,"column":4},"end":{"line":44,"column":86}},"14":{"start":{"line":48,"column":4},"end":{"line":50,"column":5}},"15":{"start":{"line":49,"column":6},"end":{"line":49,"column":49}},"16":{"start":{"line":54,"column":4},"end":{"line":54,"column":46}},"17":{"start":{"line":58,"column":4},"end":{"line":58,"column":46}},"18":{"start":{"line":62,"column":4},"end":{"line":62,"column":47}},"19":{"start":{"line":67,"column":4},"end":{"line":67,"column":44}},"20":{"start":{"line":71,"column":4},"end":{"line":74,"column":7}},"21":{"start":{"line":78,"column":4},"end":{"line":80,"column":7}},"22":{"start":{"line":84,"column":4},"end":{"line":84,"column":43}},"23":{"start":{"line":88,"column":4},"end":{"line":88,"column":40}},"24":{"start":{"line":93,"column":22},"end":{"line":93,"column":34}}},"fnMap":{"0":{"name":"(anonymous_0)","decl":{"start":{"line":10,"column":2},"end":{"line":10,"column":3}},"loc":{"start":{"line":10,"column":52},"end":{"line":28,"column":3}},"line":10},"1":{"name":"(anonymous_1)","decl":{"start":{"line":32,"column":2},"end":{"line":32,"column":3}},"loc":{"start":{"line":32,"column":55},"end":{"line":34,"column":3}},"line":32},"2":{"name":"(anonymous_2)","decl":{"start":{"line":41,"column":2},"end":{"line":41,"column":3}},"loc":{"start":{"line":41,"column":16},"end":{"line":45,"column":3}},"line":41},"3":{"name":"(anonymous_3)","decl":{"start":{"line":47,"column":2},"end":{"line":47,"column":3}},"loc":{"start":{"line":47,"column":37},"end":{"line":51,"column":3}},"line":47},"4":{"name":"(anonymous_4)","decl":{"start":{"line":53,"column":2},"end":{"line":53,"column":3}},"loc":{"start":{"line":53,"column":36},"end":{"line":55,"column":3}},"line":53},"5":{"name":"(anonymous_5)","decl":{"start":{"line":57,"column":2},"end":{"line":57,"column":3}},"loc":{"start":{"line":57,"column":36},"end":{"line":59,"column":3}},"line":57},"6":{"name":"(anonymous_6)","decl":{"start":{"line":61,"column":2},"end":{"line":61,"column":3}},"loc":{"start":{"line":61,"column":37},"end":{"line":63,"column":3}},"line":61},"7":{"name":"(anonymous_7)","decl":{"start":{"line":66,"column":2},"end":{"line":66,"column":3}},"loc":{"start":{"line":66,"column":54},"end":{"line":68,"column":3}},"line":66},"8":{"name":"(anonymous_8)","decl":{"start":{"line":70,"column":2},"end":{"line":70,"column":3}},"loc":{"start":{"line":70,"column":78},"end":{"line":75,"column":3}},"line":70},"9":{"name":"(anonymous_9)","decl":{"start":{"line":77,"column":2},"end":{"line":77,"column":3}},"loc":{"start":{"line":77,"column":56},"end":{"line":81,"column":3}},"line":77},"10":{"name":"(anonymous_10)","decl":{"start":{"line":83,"column":2},"end":{"line":83,"column":3}},"loc":{"start":{"line":83,"column":30},"end":{"line":85,"column":3}},"line":83},"11":{"name":"(anonymous_11)","decl":{"start":{"line":87,"column":2},"end":{"line":87,"column":3}},"loc":{"start":{"line":87,"column":32},"end":{"line":89,"column":3}},"line":87}},"branchMap":{"0":{"loc":{"start":{"line":14,"column":4},"end":{"line":27,"column":5}},"type":"switch","locations":[{"start":{"line":15,"column":6},"end":{"line":17,"column":14}},{"start":{"line":18,"column":6},"end":{"line":20,"column":14}},{"start":{"line":21,"column":6},"end":{"line":23,"column":14}},{"start":{"line":24,"column":6},"end":{"line":26,"column":14}}],"line":14},"1":{"loc":{"start":{"line":16,"column":34},"end":{"line":16,"column":44}},"type":"binary-expr","locations":[{"start":{"line":16,"column":34},"end":{"line":16,"column":38}},{"start":{"line":16,"column":42},"end":{"line":16,"column":44}}],"line":16},"2":{"loc":{"start":{"line":19,"column":33},"end":{"line":19,"column":43}},"type":"binary-expr","locations":[{"start":{"line":19,"column":33},"end":{"line":19,"column":37}},{"start":{"line":19,"column":41},"end":{"line":19,"column":43}}],"line":19},"3":{"loc":{"start":{"line":22,"column":33},"end":{"line":22,"column":43}},"type":"binary-expr","locations":[{"start":{"line":22,"column":33},"end":{"line":22,"column":37}},{"start":{"line":22,"column":41},"end":{"line":22,"column":43}}],"line":22},"4":{"loc":{"start":{"line":25,"column":34},"end":{"line":25,"column":44}},"type":"binary-expr","locations":[{"start":{"line":25,"column":34},"end":{"line":25,"column":38}},{"start":{"line":25,"column":42},"end":{"line":25,"column":44}}],"line":25},"5":{"loc":{"start":{"line":42,"column":16},"end":{"line":42,"column":77}},"type":"binary-expr","locations":[{"start":{"line":42,"column":16},"end":{"line":42,"column":60}},{"start":{"line":42,"column":64},"end":{"line":42,"column":77}}],"line":42},"6":{"loc":{"start":{"line":44,"column":21},"end":{"line":44,"column":85}},"type":"cond-expr","locations":[{"start":{"line":44,"column":41},"end":{"line":44,"column":60}},{"start":{"line":44,"column":63},"end":{"line":44,"column":85}}],"line":44},"7":{"loc":{"start":{"line":48,"column":4},"end":{"line":50,"column":5}},"type":"if","locations":[{"start":{"line":48,"column":4},"end":{"line":50,"column":5}},{"start":{},"end":{}}],"line":48}},"s":{"0":0,"1":0,"2":0,"3":0,"4":0,"5":0,"6":0,"7":0,"8":0,"9":0,"10":0,"11":0,"12":0,"13":0,"14":0,"15":0,"16":0,"17":0,"18":0,"19":0,"20":0,"21":0,"22":0,"23":0,"24":0},"f":{"0":0,"1":0,"2":0,"3":0,"4":0,"5":0,"6":0,"7":0,"8":0,"9":0,"10":0,"11":0},"b":{"0":[0,0,0,0],"1":[0,0],"2":[0,0],"3":[0,0],"4":[0,0],"5":[0,0],"6":[0,0],"7":[0,0]}}
}
