TN:
SF:app\+not-found.tsx
FN:5,NotFoundScreen
FNF:1
FNH:0
FNDA:0,NotFoundScreen
DA:6,0
DA:19,0
LF:2
LH:0
BRF:0
BRH:0
end_of_record
TN:
SF:app\_layout.tsx
FN:7,RootLayoutNav
FN:12,(anonymous_1)
FN:35,RootLayout
FNF:3
FNH:0
FNDA:0,RootLayoutNav
FNDA:0,(anonymous_1)
FNDA:0,RootLayout
DA:8,0
DA:9,0
DA:10,0
DA:12,0
DA:13,0
DA:15,0
DA:17,0
DA:18,0
DA:19,0
DA:20,0
DA:24,0
DA:25,0
DA:32,0
DA:36,0
DA:43,0
LF:15
LH:0
BRDA:13,0,0,0
BRDA:13,0,1,0
BRDA:17,1,0,0
BRDA:17,1,1,0
BRDA:17,2,0,0
BRDA:17,2,1,0
BRDA:19,3,0,0
BRDA:19,3,1,0
BRDA:19,4,0,0
BRDA:19,4,1,0
BRDA:24,5,0,0
BRDA:24,5,1,0
BRF:12
BRH:0
end_of_record
TN:
SF:app\(auth)\_layout.tsx
FN:3,AuthLayout
FNF:1
FNH:0
FNDA:0,AuthLayout
DA:4,0
LF:1
LH:0
BRF:0
BRH:0
end_of_record
TN:
SF:app\(auth)\login.tsx
FN:15,LoginScreen
FN:21,(anonymous_1)
FNF:2
FNH:0
FNDA:0,LoginScreen
FNDA:0,(anonymous_1)
DA:16,0
DA:17,0
DA:18,0
DA:19,0
DA:21,0
DA:22,0
DA:23,0
DA:24,0
DA:27,0
DA:28,0
DA:29,0
DA:32,0
DA:33,0
DA:34,0
DA:36,0
DA:37,0
DA:41,0
DA:102,0
LF:18
LH:0
BRDA:22,0,0,0
BRDA:22,0,1,0
BRDA:22,1,0,0
BRDA:22,1,1,0
BRDA:27,2,0,0
BRDA:27,2,1,0
BRDA:36,3,0,0
BRDA:36,3,1,0
BRDA:44,4,0,0
BRDA:44,4,1,0
BRDA:83,5,0,0
BRDA:83,5,1,0
BRDA:89,6,0,0
BRDA:89,6,1,0
BRF:14
BRH:0
end_of_record
TN:
SF:app\(tabs)\_layout.tsx
FN:5,TabLayout
FN:40,(anonymous_1)
FN:48,(anonymous_2)
FNF:3
FNH:0
FNDA:0,TabLayout
FNDA:0,(anonymous_1)
FNDA:0,(anonymous_2)
DA:6,0
DA:8,0
DA:40,0
DA:48,0
LF:4
LH:0
BRF:0
BRH:0
end_of_record
TN:
SF:app\(tabs)\index.tsx
FN:17,DashboardScreen
FN:23,(anonymous_1)
FN:35,(anonymous_2)
FN:39,(anonymous_3)
FN:44,(anonymous_4)
FN:48,(anonymous_5)
FN:68,(anonymous_6)
FN:69,(anonymous_7)
FN:72,(anonymous_8)
FNF:9
FNH:6
FNDA:7,DashboardScreen
FNDA:4,(anonymous_1)
FNDA:4,(anonymous_2)
FNDA:0,(anonymous_3)
FNDA:0,(anonymous_4)
FNDA:1,(anonymous_5)
FNDA:9,(anonymous_6)
FNDA:7,(anonymous_7)
FNDA:0,(anonymous_8)
DA:18,7
DA:19,7
DA:20,7
DA:21,7
DA:23,7
DA:24,4
DA:25,4
DA:26,3
DA:28,0
DA:30,3
DA:31,3
DA:35,7
DA:36,4
DA:39,7
DA:40,0
DA:41,0
DA:44,7
DA:45,0
DA:48,7
DA:49,1
DA:55,7
DA:56,4
DA:64,3
DA:68,9
DA:70,7
DA:72,0
DA:90,1
LF:27
LH:22
BRDA:55,0,0,4
BRDA:55,0,1,3
BRF:2
BRH:2
end_of_record
TN:
SF:app\(tabs)\settings.tsx
FN:14,SettingsScreen
FN:17,(anonymous_1)
FN:32,(anonymous_2)
FN:78,(anonymous_3)
FN:85,(anonymous_4)
FNF:5
FNH:0
FNDA:0,SettingsScreen
FNDA:0,(anonymous_1)
FNDA:0,(anonymous_2)
FNDA:0,(anonymous_3)
FNDA:0,(anonymous_4)
DA:15,0
DA:17,0
DA:18,0
DA:32,0
DA:33,0
DA:40,0
DA:78,0
DA:85,0
DA:114,0
LF:9
LH:0
BRDA:63,0,0,0
BRDA:63,0,1,0
BRF:2
BRH:0
end_of_record
TN:
SF:app\order\[id].tsx
FN:20,OrderDetailScreen
FN:28,(anonymous_1)
FN:32,(anonymous_2)
FN:43,(anonymous_3)
FN:69,(anonymous_4)
FN:90,(anonymous_5)
FN:119,(anonymous_6)
FN:131,(anonymous_7)
FN:156,(anonymous_8)
FN:225,(anonymous_9)
FN:251,(anonymous_10)
FN:272,(anonymous_11)
FNF:12
FNH:0
FNDA:0,OrderDetailScreen
FNDA:0,(anonymous_1)
FNDA:0,(anonymous_2)
FNDA:0,(anonymous_3)
FNDA:0,(anonymous_4)
FNDA:0,(anonymous_5)
FNDA:0,(anonymous_6)
FNDA:0,(anonymous_7)
FNDA:0,(anonymous_8)
FNDA:0,(anonymous_9)
FNDA:0,(anonymous_10)
FNDA:0,(anonymous_11)
DA:21,0
DA:22,0
DA:23,0
DA:24,0
DA:25,0
DA:26,0
DA:28,0
DA:29,0
DA:32,0
DA:33,0
DA:34,0
DA:35,0
DA:36,0
DA:37,0
DA:38,0
DA:40,0
DA:43,0
DA:44,0
DA:46,0
DA:53,0
DA:54,0
DA:59,0
DA:62,0
DA:70,0
DA:71,0
DA:76,0
DA:78,0
DA:79,0
DA:80,0
DA:82,0
DA:90,0
DA:91,0
DA:93,0
DA:94,0
DA:99,0
DA:102,0
DA:108,0
DA:109,0
DA:110,0
DA:112,0
DA:113,0
DA:114,0
DA:119,0
DA:120,0
DA:121,0
DA:123,0
DA:125,0
DA:127,0
DA:131,0
DA:132,0
DA:133,0
DA:142,0
DA:143,0
DA:150,0
DA:151,0
DA:156,0
DA:164,0
DA:166,0
DA:226,0
DA:252,0
DA:272,0
DA:291,0
LF:62
LH:0
BRDA:33,0,0,0
BRDA:33,0,1,0
BRDA:37,1,0,0
BRDA:37,1,1,0
BRDA:44,2,0,0
BRDA:44,2,1,0
BRDA:53,3,0,0
BRDA:53,3,1,0
BRDA:53,4,0,0
BRDA:53,4,1,0
BRDA:74,5,0,0
BRDA:74,5,1,0
BRDA:78,6,0,0
BRDA:78,6,1,0
BRDA:93,7,0,0
BRDA:93,7,1,0
BRDA:108,8,0,0
BRDA:108,8,1,0
BRDA:108,9,0,0
BRDA:108,9,1,0
BRDA:112,10,0,0
BRDA:112,10,1,0
BRDA:120,11,0,0
BRDA:120,11,1,0
BRDA:121,12,0,0
BRDA:121,12,1,0
BRDA:121,12,2,0
BRDA:142,13,0,0
BRDA:142,13,1,0
BRDA:150,14,0,0
BRDA:150,14,1,0
BRDA:180,15,0,0
BRDA:180,15,1,0
BRDA:197,16,0,0
BRDA:197,16,1,0
BRDA:213,17,0,0
BRDA:213,17,1,0
BRDA:229,18,0,0
BRDA:229,18,1,0
BRDA:237,19,0,0
BRDA:237,19,1,0
BRDA:241,20,0,0
BRDA:241,20,1,0
BRDA:249,21,0,0
BRDA:249,21,1,0
BRDA:268,22,0,0
BRDA:268,22,1,0
BRDA:271,23,0,0
BRDA:271,23,1,0
BRDA:277,24,0,0
BRDA:277,24,1,0
BRDA:279,25,0,0
BRDA:279,25,1,0
BRF:53
BRH:0
end_of_record
TN:
SF:app\order\_layout.tsx
FN:4,OrderLayout
FNF:1
FNH:0
FNDA:0,OrderLayout
DA:5,0
LF:1
LH:0
BRF:0
BRH:0
end_of_record
TN:
SF:src\components\OrderCard.tsx
FN:12,(anonymous_0)
FN:13,(anonymous_1)
FNF:2
FNH:2
FNDA:18,(anonymous_0)
FNDA:36,(anonymous_1)
DA:12,2
DA:13,18
DA:14,36
DA:15,36
DA:23,18
DA:71,2
LF:6
LH:6
BRDA:64,0,0,6
BRDA:64,0,1,12
BRF:2
BRH:2
end_of_record
TN:
SF:src\components\StatusBadge.tsx
FN:11,(anonymous_0)
FN:12,(anonymous_1)
FNF:2
FNH:2
FNDA:23,(anonymous_0)
FNDA:23,(anonymous_1)
DA:11,3
DA:12,23
DA:13,23
DA:15,14
DA:21,4
DA:27,4
DA:33,1
DA:41,23
DA:42,23
DA:44,23
DA:65,3
LF:11
LH:11
BRDA:11,0,0,22
BRDA:13,1,0,14
BRDA:13,1,1,4
BRDA:13,1,2,4
BRDA:13,1,3,1
BRDA:49,2,0,23
BRDA:49,2,1,1
BRDA:56,3,0,23
BRDA:56,3,1,1
BRF:9
BRH:9
end_of_record
TN:
SF:src\context\AuthContext.tsx
FN:19,(anonymous_0)
FN:25,(anonymous_1)
FN:29,(anonymous_2)
FN:45,(anonymous_3)
FN:70,(anonymous_4)
FN:99,(anonymous_5)
FNF:6
FNH:0
FNDA:0,(anonymous_0)
FNDA:0,(anonymous_1)
FNDA:0,(anonymous_2)
FNDA:0,(anonymous_3)
FNDA:0,(anonymous_4)
FNDA:0,(anonymous_5)
DA:15,0
DA:17,0
DA:19,0
DA:20,0
DA:21,0
DA:22,0
DA:23,0
DA:25,0
DA:26,0
DA:29,0
DA:30,0
DA:31,0
DA:32,0
DA:33,0
DA:34,0
DA:35,0
DA:36,0
DA:39,0
DA:41,0
DA:45,0
DA:48,0
DA:49,0
DA:55,0
DA:56,0
DA:57,0
DA:58,0
DA:59,0
DA:60,0
DA:61,0
DA:63,0
DA:64,0
DA:67,0
DA:70,0
DA:71,0
DA:72,0
DA:73,0
DA:74,0
DA:75,0
DA:76,0
DA:77,0
DA:79,0
DA:83,0
DA:99,0
DA:100,0
DA:101,0
DA:102,0
DA:104,0
LF:47
LH:0
BRDA:32,0,0,0
BRDA:32,0,1,0
BRDA:48,1,0,0
BRDA:48,1,1,0
BRDA:48,2,0,0
BRDA:48,2,1,0
BRDA:101,3,0,0
BRDA:101,3,1,0
BRF:8
BRH:0
end_of_record
TN:
SF:src\services\mockData.ts
FNF:0
FNH:0
DA:3,3
DA:194,3
LF:2
LH:2
BRF:0
BRH:0
end_of_record
TN:
SF:src\services\orderService.ts
FN:9,(anonymous_0)
FN:27,(anonymous_1)
FN:29,(anonymous_2)
FN:32,(anonymous_3)
FN:39,(anonymous_4)
FN:74,(anonymous_5)
FN:77,(anonymous_6)
FNF:7
FNH:7
FNDA:11,(anonymous_0)
FNDA:2,(anonymous_1)
FNDA:5,(anonymous_2)
FNDA:5,(anonymous_3)
FNDA:8,(anonymous_4)
FNDA:2,(anonymous_5)
FNDA:2,(anonymous_6)
DA:6,2
DA:10,11
DA:11,11
DA:12,11
DA:13,10
DA:14,10
DA:15,10
DA:18,1
DA:19,1
DA:20,1
DA:22,0
DA:23,0
DA:28,2
DA:29,5
DA:37,5
DA:38,5
DA:39,8
DA:41,5
DA:43,4
DA:44,4
DA:51,4
DA:52,2
DA:55,4
DA:56,2
DA:57,2
DA:64,4
DA:65,4
DA:66,4
DA:67,4
DA:69,0
DA:70,0
DA:75,2
DA:76,2
DA:77,2
DA:79,2
DA:81,2
DA:82,2
DA:83,1
DA:88,1
DA:91,2
DA:92,2
DA:94,2
DA:95,2
DA:96,2
DA:98,0
DA:99,0
LF:46
LH:40
BRDA:12,0,0,10
BRDA:12,0,1,1
BRDA:29,1,0,2
BRDA:29,1,1,1
BRDA:41,2,0,1
BRDA:41,2,1,4
BRDA:51,3,0,2
BRDA:51,3,1,2
BRDA:51,4,0,4
BRDA:51,4,1,2
BRDA:55,5,0,2
BRDA:55,5,1,2
BRDA:58,6,0,2
BRDA:58,6,1,1
BRDA:79,7,0,0
BRDA:79,7,1,2
BRDA:82,8,0,1
BRDA:82,8,1,1
BRF:18
BRH:17
end_of_record
TN:
SF:src\theme\colors.ts
FNF:0
FNH:0
DA:2,3
DA:37,3
DA:46,3
DA:55,3
DA:63,3
LF:5
LH:5
BRF:0
BRH:0
end_of_record
TN:
SF:src\types\index.ts
FNF:0
FNH:0
LF:0
LH:0
BRF:0
BRH:0
end_of_record
TN:
SF:src\utils\logger.ts
FN:10,(anonymous_0)
FN:32,(anonymous_1)
FN:41,(anonymous_2)
FN:47,(anonymous_3)
FN:53,(anonymous_4)
FN:57,(anonymous_5)
FN:61,(anonymous_6)
FN:66,(anonymous_7)
FN:70,(anonymous_8)
FN:77,(anonymous_9)
FN:83,(anonymous_10)
FN:87,(anonymous_11)
FNF:12
FNH:0
FNDA:0,(anonymous_0)
FNDA:0,(anonymous_1)
FNDA:0,(anonymous_2)
FNDA:0,(anonymous_3)
FNDA:0,(anonymous_4)
FNDA:0,(anonymous_5)
FNDA:0,(anonymous_6)
FNDA:0,(anonymous_7)
FNDA:0,(anonymous_8)
FNDA:0,(anonymous_9)
FNDA:0,(anonymous_10)
FNDA:0,(anonymous_11)
DA:11,0
DA:12,0
DA:14,0
DA:16,0
DA:17,0
DA:19,0
DA:20,0
DA:22,0
DA:23,0
DA:25,0
DA:26,0
DA:42,0
DA:43,0
DA:44,0
DA:48,0
DA:49,0
DA:54,0
DA:58,0
DA:62,0
DA:67,0
DA:71,0
DA:78,0
DA:84,0
DA:88,0
DA:93,0
LF:25
LH:0
BRDA:14,0,0,0
BRDA:14,0,1,0
BRDA:14,0,2,0
BRDA:14,0,3,0
BRDA:16,1,0,0
BRDA:16,1,1,0
BRDA:19,2,0,0
BRDA:19,2,1,0
BRDA:22,3,0,0
BRDA:22,3,1,0
BRDA:25,4,0,0
BRDA:25,4,1,0
BRDA:42,5,0,0
BRDA:42,5,1,0
BRDA:44,6,0,0
BRDA:44,6,1,0
BRDA:48,7,0,0
BRDA:48,7,1,0
BRF:18
BRH:0
end_of_record
